Using pre-set license
Built from '2022.3/release' branch; Version is '2022.3.5f1 (9674261d40ee) revision 9860134'; Using compiler version '192829333'; Build Type 'Release'
OS: 'Windows 10  (10.0.19045) 64bit Professional' Language: 'ja' Physical Memory: 16081 MB
BatchMode: 1, IsHumanControllingUs: 0, StartBugReporterOnCrash: 0, Is64bit: 1, IsPro: 1

COMMAND LINE ARGUMENTS:
C:\Program Files\Unity\Hub\Editor\2022.3.5f1\Editor\Unity.exe
-adb2
-batchMode
-noUpm
-name
AssetImportWorker1
-projectPath
C:/Users/RiU2/Documents/GitHub/BRAINSTORM
-logFile
Logs/AssetImportWorker1.log
-srvPort
50517
Successfully changed project path to: C:/Users/RiU2/Documents/GitHub/BRAINSTORM
C:/Users/RiU2/Documents/GitHub/BRAINSTORM
[UnityMemory] Configuration Parameters - Can be set up in boot.config
    "memorysetup-bucket-allocator-granularity=16"
    "memorysetup-bucket-allocator-bucket-count=8"
    "memorysetup-bucket-allocator-block-size=33554432"
    "memorysetup-bucket-allocator-block-count=8"
    "memorysetup-main-allocator-block-size=16777216"
    "memorysetup-thread-allocator-block-size=16777216"
    "memorysetup-gfx-main-allocator-block-size=16777216"
    "memorysetup-gfx-thread-allocator-block-size=16777216"
    "memorysetup-cache-allocator-block-size=4194304"
    "memorysetup-typetree-allocator-block-size=2097152"
    "memorysetup-profiler-bucket-allocator-granularity=16"
    "memorysetup-profiler-bucket-allocator-bucket-count=8"
    "memorysetup-profiler-bucket-allocator-block-size=33554432"
    "memorysetup-profiler-bucket-allocator-block-count=8"
    "memorysetup-profiler-allocator-block-size=16777216"
    "memorysetup-profiler-editor-allocator-block-size=1048576"
    "memorysetup-temp-allocator-size-main=16777216"
    "memorysetup-job-temp-allocator-block-size=2097152"
    "memorysetup-job-temp-allocator-block-size-background=1048576"
    "memorysetup-job-temp-allocator-reduction-small-platforms=262144"
    "memorysetup-allocator-temp-initial-block-size-main=262144"
    "memorysetup-allocator-temp-initial-block-size-worker=262144"
    "memorysetup-temp-allocator-size-background-worker=32768"
    "memorysetup-temp-allocator-size-job-worker=262144"
    "memorysetup-temp-allocator-size-preload-manager=33554432"
    "memorysetup-temp-allocator-size-nav-mesh-worker=65536"
    "memorysetup-temp-allocator-size-audio-worker=65536"
    "memorysetup-temp-allocator-size-cloud-worker=32768"
    "memorysetup-temp-allocator-size-gi-baking-worker=262144"
    "memorysetup-temp-allocator-size-gfx=262144"
Player connection [33592] Host "[IP] 10.32.133.46 [Port] 0 [Flags] 2 [Guid] 4238998096 [EditorId] 4238998096 [Version] 1048832 [Id] WindowsEditor(7,SICPR336) [Debug] 1 [PackageName] WindowsEditor [ProjectName] Editor" joined multi-casting on [225.0.0.222:54997]...

Player connection [33592] Host "[IP] 10.32.133.46 [Port] 0 [Flags] 2 [Guid] 4238998096 [EditorId] 4238998096 [Version] 1048832 [Id] WindowsEditor(7,SICPR336) [Debug] 1 [PackageName] WindowsEditor [ProjectName] Editor" joined alternative multi-casting on [225.0.0.222:34997]...

Refreshing native plugins compatible for Editor in 50.97 ms, found 2 plugins.
Preloading 0 native plugins for Editor in 0.00 ms.
Initialize engine version: 2022.3.5f1 (9674261d40ee)
[Subsystems] Discovering subsystems at path C:/Program Files/Unity/Hub/Editor/2022.3.5f1/Editor/Data/Resources/UnitySubsystems
[Subsystems] Discovering subsystems at path C:/Users/RiU2/Documents/GitHub/BRAINSTORM/Assets
GfxDevice: creating device client; threaded=0; jobified=0
Direct3D:
    Version:  Direct3D 11.0 [level 11.1]
    Renderer: Intel(R) Iris(R) Xe Graphics (ID=0x46a8)
    Vendor:   Intel
    VRAM:     8040 MB
    Driver:   31.0.101.4575
Initialize mono
Mono path[0] = 'C:/Program Files/Unity/Hub/Editor/2022.3.5f1/Editor/Data/Managed'
Mono path[1] = 'C:/Program Files/Unity/Hub/Editor/2022.3.5f1/Editor/Data/MonoBleedingEdge/lib/mono/unityjit-win32'
Mono config path = 'C:/Program Files/Unity/Hub/Editor/2022.3.5f1/Editor/Data/MonoBleedingEdge/etc'
Using monoOptions --debugger-agent=transport=dt_socket,embedding=1,server=y,suspend=n,address=127.0.0.1:56176
Begin MonoManager ReloadAssembly
Registering precompiled unity dll's ...
Register platform support module: C:/Program Files/Unity/Hub/Editor/2022.3.5f1/Editor/Data/PlaybackEngines/WindowsStandaloneSupport/UnityEditor.WindowsStandalone.Extensions.dll
Registered in 0.044520 seconds.
- Loaded All Assemblies, in  0.768 seconds
Native extension for WindowsStandalone target not found
Mono: successfully reloaded assembly
- Finished resetting the current domain, in  0.427 seconds
Domain Reload Profiling: 1183ms
	BeginReloadAssembly (260ms)
		ExecutionOrderSort (0ms)
		DisableScriptedObjects (0ms)
		BackupInstance (0ms)
		ReleaseScriptingObjects (0ms)
		CreateAndSetChildDomain (2ms)
	RebuildCommonClasses (68ms)
	RebuildNativeTypeToScriptingClass (18ms)
	initialDomainReloadingComplete (175ms)
	LoadAllAssembliesAndSetupDomain (235ms)
		LoadAssemblies (249ms)
		RebuildTransferFunctionScriptingTraits (0ms)
		AnalyzeDomain (208ms)
			TypeCache.Refresh (207ms)
				TypeCache.ScanAssembly (188ms)
			ScanForSourceGeneratedMonoScriptInfo (0ms)
			ResolveRequiredComponents (1ms)
	FinalizeReload (428ms)
		ReleaseScriptCaches (0ms)
		RebuildScriptCaches (0ms)
		SetupLoadedEditorAssemblies (332ms)
			LogAssemblyErrors (0ms)
			InitializePlatformSupportModulesInManaged (23ms)
			SetLoadedEditorAssemblies (13ms)
			RefreshPlugins (0ms)
			BeforeProcessingInitializeOnLoad (4ms)
			ProcessInitializeOnLoadAttributes (205ms)
			ProcessInitializeOnLoadMethodAttributes (88ms)
			AfterProcessingInitializeOnLoad (0ms)
			EditorAssembliesLoaded (0ms)
		ExecutionOrderSort2 (0ms)
		AwakeInstancesAfterBackupRestoration (0ms)
========================================================================
Worker process is ready to serve import requests
Begin MonoManager ReloadAssembly
Symbol file LoadedFromMemory is not a mono symbol file
- Loaded All Assemblies, in  1.495 seconds
Refreshing native plugins compatible for Editor in 16.76 ms, found 2 plugins.
Native extension for WindowsStandalone target not found
Mono: successfully reloaded assembly
- Finished resetting the current domain, in  0.985 seconds
Domain Reload Profiling: 2463ms
	BeginReloadAssembly (229ms)
		ExecutionOrderSort (0ms)
		DisableScriptedObjects (8ms)
		BackupInstance (0ms)
		ReleaseScriptingObjects (0ms)
		CreateAndSetChildDomain (25ms)
	RebuildCommonClasses (48ms)
	RebuildNativeTypeToScriptingClass (14ms)
	initialDomainReloadingComplete (91ms)
	LoadAllAssembliesAndSetupDomain (1096ms)
		LoadAssemblies (753ms)
		RebuildTransferFunctionScriptingTraits (0ms)
		AnalyzeDomain (448ms)
			TypeCache.Refresh (400ms)
				TypeCache.ScanAssembly (378ms)
			ScanForSourceGeneratedMonoScriptInfo (33ms)
			ResolveRequiredComponents (14ms)
	FinalizeReload (985ms)
		ReleaseScriptCaches (0ms)
		RebuildScriptCaches (0ms)
		SetupLoadedEditorAssemblies (731ms)
			LogAssemblyErrors (0ms)
			InitializePlatformSupportModulesInManaged (17ms)
			SetLoadedEditorAssemblies (9ms)
			RefreshPlugins (0ms)
			BeforeProcessingInitializeOnLoad (193ms)
			ProcessInitializeOnLoadAttributes (410ms)
			ProcessInitializeOnLoadMethodAttributes (71ms)
			AfterProcessingInitializeOnLoad (31ms)
			EditorAssembliesLoaded (0ms)
		ExecutionOrderSort2 (0ms)
		AwakeInstancesAfterBackupRestoration (17ms)
Launched and connected shader compiler UnityShaderCompiler.exe after 0.33 seconds
Refreshing native plugins compatible for Editor in 19.57 ms, found 2 plugins.
Preloading 0 native plugins for Editor in 0.00 ms.
Unloading 3162 Unused Serialized files (Serialized files now loaded: 0)
Unloading 71 unused Assets / (136.9 KB). Loaded Objects now: 3624.
Memory consumption went from 123.9 MB to 123.8 MB.
Total: 5.242700 ms (FindLiveObjects: 0.293100 ms CreateObjectMapping: 0.144800 ms MarkObjects: 4.549400 ms  DeleteObjects: 0.253700 ms)

AssetImportParameters requested are different than current active one (requested -> active):
  custom:video-decoder-webm-vp8: 9c59270c3fd7afecdb556c50c9e8de78 -> 
  custom:container-demuxer-ogg: 62fdf1f143b41e24485cea50d1cbac27 -> 
  custom:AudioImporter_EditorPlatform: d09bf68614088b80899f8185d706f6e7 -> 
  custom:video-codec-MediaFoundation-h265: 746d11721c4dcdbdad8f713fa42b33f4 -> 
  custom:video-decoder-ogg-theora: a1e56fd34408186e4bbccfd4996cb3dc -> 
  custom:framework-win-MediaFoundation: 216162199b28c13a410421893ffa2e32 -> 
  custom:video-encoder-webm-vp8: eb34c28f22e8b96e1ab97ce403110664 -> 
  custom:audio-decoder-ogg-vorbis: bf7c407c2cedff20999df2af8eb42d56 -> 
  custom:CustomObjectIndexerAttribute: 756ad292c208cfabdd7b50bc23989ffe -> 
  custom:container-demuxer-webm: 4f35f7cbe854078d1ac9338744f61a02 -> 
  custom:audio-encoder-webm-vorbis: bf7c407c2cedff20999df2af8eb42d56 -> 
  custom:container-muxer-webm: aa71ff27fc2769a1b78a27578f13a17b -> 
========================================================================
Received Import Request.
  Time since last request: 1915604.243813 seconds.
  path: Assets/Scripts/PathFinding
  artifactKey: Guid(9a04d5a9c8b5dac439264b40d7c9637e) Importer(815301076,1909f56bfc062723c751e8b465ee728b)
Start importing Assets/Scripts/PathFinding using Guid(9a04d5a9c8b5dac439264b40d7c9637e) Importer(815301076,1909f56bfc062723c751e8b465ee728b)  -> (artifact id: '90149620bad212318c5403caf7a36ed2') in 0.003028 seconds
Number of updated asset objects reloaded before import = 0
Number of asset objects unloaded after import = 0
========================================================================
Received Prepare
Begin MonoManager ReloadAssembly
Symbol file LoadedFromMemory is not a mono symbol file
- Loaded All Assemblies, in 11.701 seconds
Refreshing native plugins compatible for Editor in 34.56 ms, found 2 plugins.
Native extension for WindowsStandalone target not found
Mono: successfully reloaded assembly
- Finished resetting the current domain, in  3.629 seconds
Domain Reload Profiling: 14955ms
	BeginReloadAssembly (2286ms)
		ExecutionOrderSort (0ms)
		DisableScriptedObjects (26ms)
		BackupInstance (0ms)
		ReleaseScriptingObjects (0ms)
		CreateAndSetChildDomain (97ms)
	RebuildCommonClasses (177ms)
	RebuildNativeTypeToScriptingClass (32ms)
	initialDomainReloadingComplete (256ms)
	LoadAllAssembliesAndSetupDomain (8574ms)
		LoadAssemblies (9997ms)
		RebuildTransferFunctionScriptingTraits (0ms)
		AnalyzeDomain (580ms)
			TypeCache.Refresh (555ms)
				TypeCache.ScanAssembly (526ms)
			ScanForSourceGeneratedMonoScriptInfo (6ms)
			ResolveRequiredComponents (19ms)
	FinalizeReload (3630ms)
		ReleaseScriptCaches (0ms)
		RebuildScriptCaches (0ms)
		SetupLoadedEditorAssemblies (1552ms)
			LogAssemblyErrors (0ms)
			InitializePlatformSupportModulesInManaged (27ms)
			SetLoadedEditorAssemblies (15ms)
			RefreshPlugins (0ms)
			BeforeProcessingInitializeOnLoad (322ms)
			ProcessInitializeOnLoadAttributes (1038ms)
			ProcessInitializeOnLoadMethodAttributes (97ms)
			AfterProcessingInitializeOnLoad (52ms)
			EditorAssembliesLoaded (1ms)
		ExecutionOrderSort2 (0ms)
		AwakeInstancesAfterBackupRestoration (26ms)
Script is not up to date after domain reload: guid(7be3f3d1f3e824b4581877677947dcf6) path("Assets/Scripts/PathFinding/MapGenerator.cs") state(2)
Refreshing native plugins compatible for Editor in 32.58 ms, found 2 plugins.
Preloading 0 native plugins for Editor in 0.00 ms.
Unloading 3137 Unused Serialized files (Serialized files now loaded: 0)
Unloading 30 unused Assets / (105.6 KB). Loaded Objects now: 3639.
Memory consumption went from 118.8 MB to 118.7 MB.
Total: 7.232900 ms (FindLiveObjects: 0.457200 ms CreateObjectMapping: 0.462200 ms MarkObjects: 6.200100 ms  DeleteObjects: 0.110700 ms)

Prepare: number of updated asset objects reloaded= 0
AssetImportParameters requested are different than current active one (requested -> active):
  custom:video-decoder-webm-vp8: 9c59270c3fd7afecdb556c50c9e8de78 -> 
  custom:container-demuxer-ogg: 62fdf1f143b41e24485cea50d1cbac27 -> 
  custom:AudioImporter_EditorPlatform: d09bf68614088b80899f8185d706f6e7 -> 
  custom:video-codec-MediaFoundation-h265: 746d11721c4dcdbdad8f713fa42b33f4 -> 
  custom:video-decoder-ogg-theora: a1e56fd34408186e4bbccfd4996cb3dc -> 
  custom:framework-win-MediaFoundation: 216162199b28c13a410421893ffa2e32 -> 
  custom:video-encoder-webm-vp8: eb34c28f22e8b96e1ab97ce403110664 -> 
  custom:audio-decoder-ogg-vorbis: bf7c407c2cedff20999df2af8eb42d56 -> 
  custom:CustomObjectIndexerAttribute: 756ad292c208cfabdd7b50bc23989ffe -> 
  custom:container-demuxer-webm: 4f35f7cbe854078d1ac9338744f61a02 -> 
  custom:audio-encoder-webm-vorbis: bf7c407c2cedff20999df2af8eb42d56 -> 
  custom:container-muxer-webm: aa71ff27fc2769a1b78a27578f13a17b -> 
========================================================================
Received Import Request.
  Time since last request: 175.973016 seconds.
  path: Assets/Scripts/PathFinding/MapGenerator.cs
  artifactKey: Guid(7be3f3d1f3e824b4581877677947dcf6) Importer(815301076,1909f56bfc062723c751e8b465ee728b)
Start importing Assets/Scripts/PathFinding/MapGenerator.cs using Guid(7be3f3d1f3e824b4581877677947dcf6) Importer(815301076,1909f56bfc062723c751e8b465ee728b)  -> (artifact id: '00000000000000000000000000000000') in 0.005151 seconds
Import Error Code:(4)
Message: Build asset version error: assets/scripts/pathfinding/mapgenerator.cs in SourceAssetDB has modification time of '2024-04-19T04:50:57.456378Z' while content on disk has modification time of '2024-04-19T04:51:00.2146232Z'
  ERROR: Build asset version error: assets/scripts/pathfinding/mapgenerator.cs in SourceAssetDB has modification time of '2024-04-19T04:50:57.456378Z' while content on disk has modification time of '2024-04-19T04:51:00.2146232Z'
Number of updated asset objects reloaded before import = 0
Number of asset objects unloaded after import = 0
========================================================================
Received Prepare
Begin MonoManager ReloadAssembly
Symbol file LoadedFromMemory is not a mono symbol file
- Loaded All Assemblies, in  2.179 seconds
Refreshing native plugins compatible for Editor in 22.56 ms, found 2 plugins.
Native extension for WindowsStandalone target not found
Mono: successfully reloaded assembly
- Finished resetting the current domain, in  2.628 seconds
Domain Reload Profiling: 4777ms
	BeginReloadAssembly (336ms)
		ExecutionOrderSort (0ms)
		DisableScriptedObjects (12ms)
		BackupInstance (0ms)
		ReleaseScriptingObjects (0ms)
		CreateAndSetChildDomain (58ms)
	RebuildCommonClasses (60ms)
	RebuildNativeTypeToScriptingClass (21ms)
	initialDomainReloadingComplete (123ms)
	LoadAllAssembliesAndSetupDomain (1608ms)
		LoadAssemblies (1197ms)
		RebuildTransferFunctionScriptingTraits (0ms)
		AnalyzeDomain (557ms)
			TypeCache.Refresh (534ms)
				TypeCache.ScanAssembly (511ms)
			ScanForSourceGeneratedMonoScriptInfo (5ms)
			ResolveRequiredComponents (18ms)
	FinalizeReload (2629ms)
		ReleaseScriptCaches (0ms)
		RebuildScriptCaches (0ms)
		SetupLoadedEditorAssemblies (965ms)
			LogAssemblyErrors (0ms)
			InitializePlatformSupportModulesInManaged (24ms)
			SetLoadedEditorAssemblies (12ms)
			RefreshPlugins (0ms)
			BeforeProcessingInitializeOnLoad (277ms)
			ProcessInitializeOnLoadAttributes (516ms)
			ProcessInitializeOnLoadMethodAttributes (92ms)
			AfterProcessingInitializeOnLoad (44ms)
			EditorAssembliesLoaded (1ms)
		ExecutionOrderSort2 (0ms)
		AwakeInstancesAfterBackupRestoration (25ms)
Refreshing native plugins compatible for Editor in 22.62 ms, found 2 plugins.
Preloading 0 native plugins for Editor in 0.00 ms.
Unloading 3138 Unused Serialized files (Serialized files now loaded: 0)
Unloading 30 unused Assets / (106.6 KB). Loaded Objects now: 3655.
Memory consumption went from 118.9 MB to 118.8 MB.
Total: 4.799800 ms (FindLiveObjects: 0.325000 ms CreateObjectMapping: 0.165400 ms MarkObjects: 4.213400 ms  DeleteObjects: 0.094300 ms)

Prepare: number of updated asset objects reloaded= 0
AssetImportParameters requested are different than current active one (requested -> active):
  custom:video-decoder-webm-vp8: 9c59270c3fd7afecdb556c50c9e8de78 -> 
  custom:container-demuxer-ogg: 62fdf1f143b41e24485cea50d1cbac27 -> 
  custom:AudioImporter_EditorPlatform: d09bf68614088b80899f8185d706f6e7 -> 
  custom:video-codec-MediaFoundation-h265: 746d11721c4dcdbdad8f713fa42b33f4 -> 
  custom:video-decoder-ogg-theora: a1e56fd34408186e4bbccfd4996cb3dc -> 
  custom:framework-win-MediaFoundation: 216162199b28c13a410421893ffa2e32 -> 
  custom:video-encoder-webm-vp8: eb34c28f22e8b96e1ab97ce403110664 -> 
  custom:audio-decoder-ogg-vorbis: bf7c407c2cedff20999df2af8eb42d56 -> 
  custom:CustomObjectIndexerAttribute: 756ad292c208cfabdd7b50bc23989ffe -> 
  custom:container-demuxer-webm: 4f35f7cbe854078d1ac9338744f61a02 -> 
  custom:audio-encoder-webm-vorbis: bf7c407c2cedff20999df2af8eb42d56 -> 
  custom:container-muxer-webm: aa71ff27fc2769a1b78a27578f13a17b -> 
========================================================================
Received Import Request.
  Time since last request: 11.723108 seconds.
  path: Assets/Scripts/PathFinding/MapGenerator.cs
  artifactKey: Guid(7be3f3d1f3e824b4581877677947dcf6) Importer(815301076,1909f56bfc062723c751e8b465ee728b)
Start importing Assets/Scripts/PathFinding/MapGenerator.cs using Guid(7be3f3d1f3e824b4581877677947dcf6) Importer(815301076,1909f56bfc062723c751e8b465ee728b)  -> (artifact id: '00000000000000000000000000000000') in 0.003264 seconds
Import Error Code:(4)
Message: Build asset version error: assets/scripts/pathfinding/mapgenerator.cs in SourceAssetDB has modification time of '2024-04-19T04:51:13.6567423Z' while content on disk has modification time of '2024-04-19T04:51:14.0573231Z'
  ERROR: Build asset version error: assets/scripts/pathfinding/mapgenerator.cs in SourceAssetDB has modification time of '2024-04-19T04:51:13.6567423Z' while content on disk has modification time of '2024-04-19T04:51:14.0573231Z'
Number of updated asset objects reloaded before import = 0
Number of asset objects unloaded after import = 0
========================================================================
Received Prepare
Begin MonoManager ReloadAssembly
Symbol file LoadedFromMemory is not a mono symbol file
- Loaded All Assemblies, in  1.885 seconds
Refreshing native plugins compatible for Editor in 26.53 ms, found 2 plugins.
Native extension for WindowsStandalone target not found
Mono: successfully reloaded assembly
- Finished resetting the current domain, in  2.488 seconds
Domain Reload Profiling: 4353ms
	BeginReloadAssembly (317ms)
		ExecutionOrderSort (0ms)
		DisableScriptedObjects (10ms)
		BackupInstance (0ms)
		ReleaseScriptingObjects (0ms)
		CreateAndSetChildDomain (59ms)
	RebuildCommonClasses (58ms)
	RebuildNativeTypeToScriptingClass (19ms)
	initialDomainReloadingComplete (88ms)
	LoadAllAssembliesAndSetupDomain (1382ms)
		LoadAssemblies (948ms)
		RebuildTransferFunctionScriptingTraits (0ms)
		AnalyzeDomain (557ms)
			TypeCache.Refresh (532ms)
				TypeCache.ScanAssembly (507ms)
			ScanForSourceGeneratedMonoScriptInfo (5ms)
			ResolveRequiredComponents (20ms)
	FinalizeReload (2489ms)
		ReleaseScriptCaches (0ms)
		RebuildScriptCaches (0ms)
		SetupLoadedEditorAssemblies (936ms)
			LogAssemblyErrors (0ms)
			InitializePlatformSupportModulesInManaged (25ms)
			SetLoadedEditorAssemblies (11ms)
			RefreshPlugins (0ms)
			BeforeProcessingInitializeOnLoad (275ms)
			ProcessInitializeOnLoadAttributes (502ms)
			ProcessInitializeOnLoadMethodAttributes (82ms)
			AfterProcessingInitializeOnLoad (40ms)
			EditorAssembliesLoaded (1ms)
		ExecutionOrderSort2 (0ms)
		AwakeInstancesAfterBackupRestoration (22ms)
Refreshing native plugins compatible for Editor in 28.41 ms, found 2 plugins.
Preloading 0 native plugins for Editor in 0.00 ms.
Unloading 3138 Unused Serialized files (Serialized files now loaded: 0)
Unloading 30 unused Assets / (105.6 KB). Loaded Objects now: 3670.
Memory consumption went from 118.9 MB to 118.8 MB.
Total: 7.187100 ms (FindLiveObjects: 0.398300 ms CreateObjectMapping: 0.220400 ms MarkObjects: 6.454600 ms  DeleteObjects: 0.111900 ms)

Prepare: number of updated asset objects reloaded= 0
AssetImportParameters requested are different than current active one (requested -> active):
  custom:video-decoder-webm-vp8: 9c59270c3fd7afecdb556c50c9e8de78 -> 
  custom:container-demuxer-ogg: 62fdf1f143b41e24485cea50d1cbac27 -> 
  custom:AudioImporter_EditorPlatform: d09bf68614088b80899f8185d706f6e7 -> 
  custom:video-codec-MediaFoundation-h265: 746d11721c4dcdbdad8f713fa42b33f4 -> 
  custom:video-decoder-ogg-theora: a1e56fd34408186e4bbccfd4996cb3dc -> 
  custom:framework-win-MediaFoundation: 216162199b28c13a410421893ffa2e32 -> 
  custom:video-encoder-webm-vp8: eb34c28f22e8b96e1ab97ce403110664 -> 
  custom:audio-decoder-ogg-vorbis: bf7c407c2cedff20999df2af8eb42d56 -> 
  custom:CustomObjectIndexerAttribute: 756ad292c208cfabdd7b50bc23989ffe -> 
  custom:container-demuxer-webm: 4f35f7cbe854078d1ac9338744f61a02 -> 
  custom:audio-encoder-webm-vorbis: bf7c407c2cedff20999df2af8eb42d56 -> 
  custom:container-muxer-webm: aa71ff27fc2769a1b78a27578f13a17b -> 
========================================================================
Received Prepare
Begin MonoManager ReloadAssembly
Symbol file LoadedFromMemory is not a mono symbol file
- Loaded All Assemblies, in  1.789 seconds
Refreshing native plugins compatible for Editor in 19.05 ms, found 2 plugins.
Native extension for WindowsStandalone target not found
Mono: successfully reloaded assembly
- Finished resetting the current domain, in  2.156 seconds
Domain Reload Profiling: 3921ms
	BeginReloadAssembly (335ms)
		ExecutionOrderSort (0ms)
		DisableScriptedObjects (14ms)
		BackupInstance (0ms)
		ReleaseScriptingObjects (0ms)
		CreateAndSetChildDomain (61ms)
	RebuildCommonClasses (54ms)
	RebuildNativeTypeToScriptingClass (19ms)
	initialDomainReloadingComplete (89ms)
	LoadAllAssembliesAndSetupDomain (1267ms)
		LoadAssemblies (999ms)
		RebuildTransferFunctionScriptingTraits (0ms)
		AnalyzeDomain (409ms)
			TypeCache.Refresh (390ms)
				TypeCache.ScanAssembly (369ms)
			ScanForSourceGeneratedMonoScriptInfo (4ms)
			ResolveRequiredComponents (16ms)
	FinalizeReload (2156ms)
		ReleaseScriptCaches (0ms)
		RebuildScriptCaches (0ms)
		SetupLoadedEditorAssemblies (750ms)
			LogAssemblyErrors (0ms)
			InitializePlatformSupportModulesInManaged (18ms)
			SetLoadedEditorAssemblies (9ms)
			RefreshPlugins (0ms)
			BeforeProcessingInitializeOnLoad (204ms)
			ProcessInitializeOnLoadAttributes (417ms)
			ProcessInitializeOnLoadMethodAttributes (66ms)
			AfterProcessingInitializeOnLoad (34ms)
			EditorAssembliesLoaded (0ms)
		ExecutionOrderSort2 (0ms)
		AwakeInstancesAfterBackupRestoration (18ms)
Refreshing native plugins compatible for Editor in 19.74 ms, found 2 plugins.
Preloading 0 native plugins for Editor in 0.00 ms.
Unloading 3139 Unused Serialized files (Serialized files now loaded: 0)
Unloading 30 unused Assets / (105.5 KB). Loaded Objects now: 3685.
Memory consumption went from 119.2 MB to 119.1 MB.
Total: 4.651400 ms (FindLiveObjects: 0.396100 ms CreateObjectMapping: 0.155700 ms MarkObjects: 4.007500 ms  DeleteObjects: 0.090200 ms)

Prepare: number of updated asset objects reloaded= 0
AssetImportParameters requested are different than current active one (requested -> active):
  custom:video-decoder-webm-vp8: 9c59270c3fd7afecdb556c50c9e8de78 -> 
  custom:container-demuxer-ogg: 62fdf1f143b41e24485cea50d1cbac27 -> 
  custom:AudioImporter_EditorPlatform: d09bf68614088b80899f8185d706f6e7 -> 
  custom:video-codec-MediaFoundation-h265: 746d11721c4dcdbdad8f713fa42b33f4 -> 
  custom:video-decoder-ogg-theora: a1e56fd34408186e4bbccfd4996cb3dc -> 
  custom:framework-win-MediaFoundation: 216162199b28c13a410421893ffa2e32 -> 
  custom:video-encoder-webm-vp8: eb34c28f22e8b96e1ab97ce403110664 -> 
  custom:audio-decoder-ogg-vorbis: bf7c407c2cedff20999df2af8eb42d56 -> 
  custom:CustomObjectIndexerAttribute: 756ad292c208cfabdd7b50bc23989ffe -> 
  custom:container-demuxer-webm: 4f35f7cbe854078d1ac9338744f61a02 -> 
  custom:audio-encoder-webm-vorbis: bf7c407c2cedff20999df2af8eb42d56 -> 
  custom:container-muxer-webm: aa71ff27fc2769a1b78a27578f13a17b -> 
========================================================================
Received Prepare
Begin MonoManager ReloadAssembly
Symbol file LoadedFromMemory is not a mono symbol file
- Loaded All Assemblies, in  1.714 seconds
Refreshing native plugins compatible for Editor in 19.73 ms, found 2 plugins.
Native extension for WindowsStandalone target not found
Mono: successfully reloaded assembly
- Finished resetting the current domain, in  2.056 seconds
Domain Reload Profiling: 3751ms
	BeginReloadAssembly (312ms)
		ExecutionOrderSort (0ms)
		DisableScriptedObjects (11ms)
		BackupInstance (0ms)
		ReleaseScriptingObjects (0ms)
		CreateAndSetChildDomain (56ms)
	RebuildCommonClasses (56ms)
	RebuildNativeTypeToScriptingClass (18ms)
	initialDomainReloadingComplete (85ms)
	LoadAllAssembliesAndSetupDomain (1222ms)
		LoadAssemblies (941ms)
		RebuildTransferFunctionScriptingTraits (0ms)
		AnalyzeDomain (421ms)
			TypeCache.Refresh (404ms)
				TypeCache.ScanAssembly (385ms)
			ScanForSourceGeneratedMonoScriptInfo (0ms)
			ResolveRequiredComponents (17ms)
	FinalizeReload (2057ms)
		ReleaseScriptCaches (0ms)
		RebuildScriptCaches (0ms)
		SetupLoadedEditorAssemblies (728ms)
			LogAssemblyErrors (0ms)
			InitializePlatformSupportModulesInManaged (22ms)
			SetLoadedEditorAssemblies (11ms)
			RefreshPlugins (0ms)
			BeforeProcessingInitializeOnLoad (230ms)
			ProcessInitializeOnLoadAttributes (362ms)
			ProcessInitializeOnLoadMethodAttributes (66ms)
			AfterProcessingInitializeOnLoad (38ms)
			EditorAssembliesLoaded (0ms)
		ExecutionOrderSort2 (0ms)
		AwakeInstancesAfterBackupRestoration (20ms)
Refreshing native plugins compatible for Editor in 18.76 ms, found 2 plugins.
Preloading 0 native plugins for Editor in 0.00 ms.
Unloading 3139 Unused Serialized files (Serialized files now loaded: 0)
Unloading 30 unused Assets / (105.6 KB). Loaded Objects now: 3700.
Memory consumption went from 119.1 MB to 119.0 MB.
Total: 4.403900 ms (FindLiveObjects: 0.315700 ms CreateObjectMapping: 0.114400 ms MarkObjects: 3.882800 ms  DeleteObjects: 0.089400 ms)

Prepare: number of updated asset objects reloaded= 0
AssetImportParameters requested are different than current active one (requested -> active):
  custom:video-decoder-webm-vp8: 9c59270c3fd7afecdb556c50c9e8de78 -> 
  custom:container-demuxer-ogg: 62fdf1f143b41e24485cea50d1cbac27 -> 
  custom:AudioImporter_EditorPlatform: d09bf68614088b80899f8185d706f6e7 -> 
  custom:video-codec-MediaFoundation-h265: 746d11721c4dcdbdad8f713fa42b33f4 -> 
  custom:video-decoder-ogg-theora: a1e56fd34408186e4bbccfd4996cb3dc -> 
  custom:framework-win-MediaFoundation: 216162199b28c13a410421893ffa2e32 -> 
  custom:video-encoder-webm-vp8: eb34c28f22e8b96e1ab97ce403110664 -> 
  custom:audio-decoder-ogg-vorbis: bf7c407c2cedff20999df2af8eb42d56 -> 
  custom:CustomObjectIndexerAttribute: 756ad292c208cfabdd7b50bc23989ffe -> 
  custom:container-demuxer-webm: 4f35f7cbe854078d1ac9338744f61a02 -> 
  custom:audio-encoder-webm-vorbis: bf7c407c2cedff20999df2af8eb42d56 -> 
  custom:container-muxer-webm: aa71ff27fc2769a1b78a27578f13a17b -> 
========================================================================
Received Prepare
Begin MonoManager ReloadAssembly
Symbol file LoadedFromMemory is not a mono symbol file
- Loaded All Assemblies, in  1.753 seconds
Refreshing native plugins compatible for Editor in 25.91 ms, found 2 plugins.
Native extension for WindowsStandalone target not found
Mono: successfully reloaded assembly
- Finished resetting the current domain, in  2.525 seconds
Domain Reload Profiling: 4258ms
	BeginReloadAssembly (301ms)
		ExecutionOrderSort (0ms)
		DisableScriptedObjects (9ms)
		BackupInstance (0ms)
		ReleaseScriptingObjects (0ms)
		CreateAndSetChildDomain (53ms)
	RebuildCommonClasses (60ms)
	RebuildNativeTypeToScriptingClass (20ms)
	initialDomainReloadingComplete (96ms)
	LoadAllAssembliesAndSetupDomain (1255ms)
		LoadAssemblies (904ms)
		RebuildTransferFunctionScriptingTraits (0ms)
		AnalyzeDomain (483ms)
			TypeCache.Refresh (465ms)
				TypeCache.ScanAssembly (443ms)
			ScanForSourceGeneratedMonoScriptInfo (0ms)
			ResolveRequiredComponents (18ms)
	FinalizeReload (2526ms)
		ReleaseScriptCaches (0ms)
		RebuildScriptCaches (0ms)
		SetupLoadedEditorAssemblies (981ms)
			LogAssemblyErrors (0ms)
			InitializePlatformSupportModulesInManaged (27ms)
			SetLoadedEditorAssemblies (11ms)
			RefreshPlugins (0ms)
			BeforeProcessingInitializeOnLoad (291ms)
			ProcessInitializeOnLoadAttributes (512ms)
			ProcessInitializeOnLoadMethodAttributes (85ms)
			AfterProcessingInitializeOnLoad (53ms)
			EditorAssembliesLoaded (1ms)
		ExecutionOrderSort2 (0ms)
		AwakeInstancesAfterBackupRestoration (26ms)
Refreshing native plugins compatible for Editor in 22.68 ms, found 2 plugins.
Preloading 0 native plugins for Editor in 0.00 ms.
Unloading 3139 Unused Serialized files (Serialized files now loaded: 0)
Unloading 30 unused Assets / (105.6 KB). Loaded Objects now: 3715.
Memory consumption went from 119.2 MB to 119.1 MB.
Total: 5.070700 ms (FindLiveObjects: 0.471300 ms CreateObjectMapping: 0.172100 ms MarkObjects: 4.322000 ms  DeleteObjects: 0.103300 ms)

Prepare: number of updated asset objects reloaded= 0
AssetImportParameters requested are different than current active one (requested -> active):
  custom:video-decoder-webm-vp8: 9c59270c3fd7afecdb556c50c9e8de78 -> 
  custom:container-demuxer-ogg: 62fdf1f143b41e24485cea50d1cbac27 -> 
  custom:AudioImporter_EditorPlatform: d09bf68614088b80899f8185d706f6e7 -> 
  custom:video-codec-MediaFoundation-h265: 746d11721c4dcdbdad8f713fa42b33f4 -> 
  custom:video-decoder-ogg-theora: a1e56fd34408186e4bbccfd4996cb3dc -> 
  custom:framework-win-MediaFoundation: 216162199b28c13a410421893ffa2e32 -> 
  custom:video-encoder-webm-vp8: eb34c28f22e8b96e1ab97ce403110664 -> 
  custom:audio-decoder-ogg-vorbis: bf7c407c2cedff20999df2af8eb42d56 -> 
  custom:CustomObjectIndexerAttribute: 756ad292c208cfabdd7b50bc23989ffe -> 
  custom:container-demuxer-webm: 4f35f7cbe854078d1ac9338744f61a02 -> 
  custom:audio-encoder-webm-vorbis: bf7c407c2cedff20999df2af8eb42d56 -> 
  custom:container-muxer-webm: aa71ff27fc2769a1b78a27578f13a17b -> 
========================================================================
Received Prepare
Begin MonoManager ReloadAssembly
Symbol file LoadedFromMemory is not a mono symbol file
- Loaded All Assemblies, in  1.690 seconds
Refreshing native plugins compatible for Editor in 23.48 ms, found 2 plugins.
Native extension for WindowsStandalone target not found
Mono: successfully reloaded assembly
- Finished resetting the current domain, in  2.235 seconds
Domain Reload Profiling: 3905ms
	BeginReloadAssembly (302ms)
		ExecutionOrderSort (0ms)
		DisableScriptedObjects (9ms)
		BackupInstance (0ms)
		ReleaseScriptingObjects (0ms)
		CreateAndSetChildDomain (54ms)
	RebuildCommonClasses (59ms)
	RebuildNativeTypeToScriptingClass (19ms)
	initialDomainReloadingComplete (88ms)
	LoadAllAssembliesAndSetupDomain (1200ms)
		LoadAssemblies (864ms)
		RebuildTransferFunctionScriptingTraits (0ms)
		AnalyzeDomain (468ms)
			TypeCache.Refresh (451ms)
				TypeCache.ScanAssembly (430ms)
			ScanForSourceGeneratedMonoScriptInfo (0ms)
			ResolveRequiredComponents (17ms)
	FinalizeReload (2236ms)
		ReleaseScriptCaches (0ms)
		RebuildScriptCaches (0ms)
		SetupLoadedEditorAssemblies (904ms)
			LogAssemblyErrors (0ms)
			InitializePlatformSupportModulesInManaged (24ms)
			SetLoadedEditorAssemblies (10ms)
			RefreshPlugins (0ms)
			BeforeProcessingInitializeOnLoad (277ms)
			ProcessInitializeOnLoadAttributes (469ms)
			ProcessInitializeOnLoadMethodAttributes (77ms)
			AfterProcessingInitializeOnLoad (46ms)
			EditorAssembliesLoaded (1ms)
		ExecutionOrderSort2 (0ms)
		AwakeInstancesAfterBackupRestoration (25ms)
Refreshing native plugins compatible for Editor in 22.73 ms, found 2 plugins.
Preloading 0 native plugins for Editor in 0.00 ms.
Unloading 3139 Unused Serialized files (Serialized files now loaded: 0)
Unloading 30 unused Assets / (105.6 KB). Loaded Objects now: 3730.
Memory consumption went from 119.2 MB to 119.1 MB.
Total: 5.570700 ms (FindLiveObjects: 0.367000 ms CreateObjectMapping: 0.531400 ms MarkObjects: 4.523200 ms  DeleteObjects: 0.147200 ms)

Prepare: number of updated asset objects reloaded= 0
AssetImportParameters requested are different than current active one (requested -> active):
  custom:video-decoder-webm-vp8: 9c59270c3fd7afecdb556c50c9e8de78 -> 
  custom:container-demuxer-ogg: 62fdf1f143b41e24485cea50d1cbac27 -> 
  custom:AudioImporter_EditorPlatform: d09bf68614088b80899f8185d706f6e7 -> 
  custom:video-codec-MediaFoundation-h265: 746d11721c4dcdbdad8f713fa42b33f4 -> 
  custom:video-decoder-ogg-theora: a1e56fd34408186e4bbccfd4996cb3dc -> 
  custom:framework-win-MediaFoundation: 216162199b28c13a410421893ffa2e32 -> 
  custom:video-encoder-webm-vp8: eb34c28f22e8b96e1ab97ce403110664 -> 
  custom:audio-decoder-ogg-vorbis: bf7c407c2cedff20999df2af8eb42d56 -> 
  custom:CustomObjectIndexerAttribute: 756ad292c208cfabdd7b50bc23989ffe -> 
  custom:container-demuxer-webm: 4f35f7cbe854078d1ac9338744f61a02 -> 
  custom:audio-encoder-webm-vorbis: bf7c407c2cedff20999df2af8eb42d56 -> 
  custom:container-muxer-webm: aa71ff27fc2769a1b78a27578f13a17b -> 
========================================================================
Received Prepare
Begin MonoManager ReloadAssembly
Symbol file LoadedFromMemory is not a mono symbol file
- Loaded All Assemblies, in  1.695 seconds
Refreshing native plugins compatible for Editor in 30.56 ms, found 2 plugins.
Native extension for WindowsStandalone target not found
Mono: successfully reloaded assembly
- Finished resetting the current domain, in  1.797 seconds
Domain Reload Profiling: 3471ms
	BeginReloadAssembly (280ms)
		ExecutionOrderSort (0ms)
		DisableScriptedObjects (9ms)
		BackupInstance (0ms)
		ReleaseScriptingObjects (0ms)
		CreateAndSetChildDomain (51ms)
	RebuildCommonClasses (53ms)
	RebuildNativeTypeToScriptingClass (20ms)
	initialDomainReloadingComplete (94ms)
	LoadAllAssembliesAndSetupDomain (1226ms)
		LoadAssemblies (856ms)
		RebuildTransferFunctionScriptingTraits (0ms)
		AnalyzeDomain (474ms)
			TypeCache.Refresh (456ms)
				TypeCache.ScanAssembly (434ms)
			ScanForSourceGeneratedMonoScriptInfo (0ms)
			ResolveRequiredComponents (18ms)
	FinalizeReload (1798ms)
		ReleaseScriptCaches (0ms)
		RebuildScriptCaches (0ms)
		SetupLoadedEditorAssemblies (673ms)
			LogAssemblyErrors (0ms)
			InitializePlatformSupportModulesInManaged (17ms)
			SetLoadedEditorAssemblies (6ms)
			RefreshPlugins (0ms)
			BeforeProcessingInitializeOnLoad (192ms)
			ProcessInitializeOnLoadAttributes (367ms)
			ProcessInitializeOnLoadMethodAttributes (61ms)
			AfterProcessingInitializeOnLoad (29ms)
			EditorAssembliesLoaded (0ms)
		ExecutionOrderSort2 (0ms)
		AwakeInstancesAfterBackupRestoration (18ms)
Refreshing native plugins compatible for Editor in 17.05 ms, found 2 plugins.
Preloading 0 native plugins for Editor in 0.00 ms.
Unloading 3139 Unused Serialized files (Serialized files now loaded: 0)
Unloading 30 unused Assets / (105.6 KB). Loaded Objects now: 3745.
Memory consumption went from 119.2 MB to 119.1 MB.
Total: 4.332700 ms (FindLiveObjects: 0.322000 ms CreateObjectMapping: 0.113000 ms MarkObjects: 3.807200 ms  DeleteObjects: 0.089100 ms)

Prepare: number of updated asset objects reloaded= 0
AssetImportParameters requested are different than current active one (requested -> active):
  custom:video-decoder-webm-vp8: 9c59270c3fd7afecdb556c50c9e8de78 -> 
  custom:container-demuxer-ogg: 62fdf1f143b41e24485cea50d1cbac27 -> 
  custom:AudioImporter_EditorPlatform: d09bf68614088b80899f8185d706f6e7 -> 
  custom:video-codec-MediaFoundation-h265: 746d11721c4dcdbdad8f713fa42b33f4 -> 
  custom:video-decoder-ogg-theora: a1e56fd34408186e4bbccfd4996cb3dc -> 
  custom:framework-win-MediaFoundation: 216162199b28c13a410421893ffa2e32 -> 
  custom:video-encoder-webm-vp8: eb34c28f22e8b96e1ab97ce403110664 -> 
  custom:audio-decoder-ogg-vorbis: bf7c407c2cedff20999df2af8eb42d56 -> 
  custom:CustomObjectIndexerAttribute: 756ad292c208cfabdd7b50bc23989ffe -> 
  custom:container-demuxer-webm: 4f35f7cbe854078d1ac9338744f61a02 -> 
  custom:audio-encoder-webm-vorbis: bf7c407c2cedff20999df2af8eb42d56 -> 
  custom:container-muxer-webm: aa71ff27fc2769a1b78a27578f13a17b -> 
========================================================================
Received Prepare
Begin MonoManager ReloadAssembly
Symbol file LoadedFromMemory is not a mono symbol file
- Loaded All Assemblies, in  1.665 seconds
Refreshing native plugins compatible for Editor in 24.92 ms, found 2 plugins.
Native extension for WindowsStandalone target not found
Mono: successfully reloaded assembly
- Finished resetting the current domain, in  2.477 seconds
Domain Reload Profiling: 4121ms
	BeginReloadAssembly (288ms)
		ExecutionOrderSort (0ms)
		DisableScriptedObjects (9ms)
		BackupInstance (0ms)
		ReleaseScriptingObjects (0ms)
		CreateAndSetChildDomain (51ms)
	RebuildCommonClasses (57ms)
	RebuildNativeTypeToScriptingClass (20ms)
	initialDomainReloadingComplete (89ms)
	LoadAllAssembliesAndSetupDomain (1189ms)
		LoadAssemblies (838ms)
		RebuildTransferFunctionScriptingTraits (0ms)
		AnalyzeDomain (477ms)
			TypeCache.Refresh (459ms)
				TypeCache.ScanAssembly (437ms)
			ScanForSourceGeneratedMonoScriptInfo (0ms)
			ResolveRequiredComponents (18ms)
	FinalizeReload (2478ms)
		ReleaseScriptCaches (0ms)
		RebuildScriptCaches (0ms)
		SetupLoadedEditorAssemblies (948ms)
			LogAssemblyErrors (0ms)
			InitializePlatformSupportModulesInManaged (24ms)
			SetLoadedEditorAssemblies (12ms)
			RefreshPlugins (0ms)
			BeforeProcessingInitializeOnLoad (273ms)
			ProcessInitializeOnLoadAttributes (507ms)
			ProcessInitializeOnLoadMethodAttributes (88ms)
			AfterProcessingInitializeOnLoad (43ms)
			EditorAssembliesLoaded (1ms)
		ExecutionOrderSort2 (0ms)
		AwakeInstancesAfterBackupRestoration (24ms)
Refreshing native plugins compatible for Editor in 25.07 ms, found 2 plugins.
Preloading 0 native plugins for Editor in 0.00 ms.
Unloading 3139 Unused Serialized files (Serialized files now loaded: 0)
Unloading 30 unused Assets / (105.6 KB). Loaded Objects now: 3760.
Memory consumption went from 119.3 MB to 119.1 MB.
Total: 5.199400 ms (FindLiveObjects: 0.382700 ms CreateObjectMapping: 0.166400 ms MarkObjects: 4.528500 ms  DeleteObjects: 0.119500 ms)

Prepare: number of updated asset objects reloaded= 0
AssetImportParameters requested are different than current active one (requested -> active):
  custom:video-decoder-webm-vp8: 9c59270c3fd7afecdb556c50c9e8de78 -> 
  custom:container-demuxer-ogg: 62fdf1f143b41e24485cea50d1cbac27 -> 
  custom:AudioImporter_EditorPlatform: d09bf68614088b80899f8185d706f6e7 -> 
  custom:video-codec-MediaFoundation-h265: 746d11721c4dcdbdad8f713fa42b33f4 -> 
  custom:video-decoder-ogg-theora: a1e56fd34408186e4bbccfd4996cb3dc -> 
  custom:framework-win-MediaFoundation: 216162199b28c13a410421893ffa2e32 -> 
  custom:video-encoder-webm-vp8: eb34c28f22e8b96e1ab97ce403110664 -> 
  custom:audio-decoder-ogg-vorbis: bf7c407c2cedff20999df2af8eb42d56 -> 
  custom:CustomObjectIndexerAttribute: 756ad292c208cfabdd7b50bc23989ffe -> 
  custom:container-demuxer-webm: 4f35f7cbe854078d1ac9338744f61a02 -> 
  custom:audio-encoder-webm-vorbis: bf7c407c2cedff20999df2af8eb42d56 -> 
  custom:container-muxer-webm: aa71ff27fc2769a1b78a27578f13a17b -> 
========================================================================
Received Prepare
Begin MonoManager ReloadAssembly
Symbol file LoadedFromMemory is not a mono symbol file
- Loaded All Assemblies, in  1.734 seconds
Refreshing native plugins compatible for Editor in 30.54 ms, found 2 plugins.
Native extension for WindowsStandalone target not found
Mono: successfully reloaded assembly
- Finished resetting the current domain, in  2.607 seconds
Domain Reload Profiling: 4320ms
	BeginReloadAssembly (292ms)
		ExecutionOrderSort (0ms)
		DisableScriptedObjects (10ms)
		BackupInstance (0ms)
		ReleaseScriptingObjects (0ms)
		CreateAndSetChildDomain (53ms)
	RebuildCommonClasses (56ms)
	RebuildNativeTypeToScriptingClass (18ms)
	initialDomainReloadingComplete (87ms)
	LoadAllAssembliesAndSetupDomain (1258ms)
		LoadAssemblies (902ms)
		RebuildTransferFunctionScriptingTraits (0ms)
		AnalyzeDomain (476ms)
			TypeCache.Refresh (457ms)
				TypeCache.ScanAssembly (434ms)
			ScanForSourceGeneratedMonoScriptInfo (0ms)
			ResolveRequiredComponents (19ms)
	FinalizeReload (2608ms)
		ReleaseScriptCaches (0ms)
		RebuildScriptCaches (0ms)
		SetupLoadedEditorAssemblies (969ms)
			LogAssemblyErrors (0ms)
			InitializePlatformSupportModulesInManaged (25ms)
			SetLoadedEditorAssemblies (11ms)
			RefreshPlugins (0ms)
			BeforeProcessingInitializeOnLoad (281ms)
			ProcessInitializeOnLoadAttributes (514ms)
			ProcessInitializeOnLoadMethodAttributes (94ms)
			AfterProcessingInitializeOnLoad (44ms)
			EditorAssembliesLoaded (1ms)
		ExecutionOrderSort2 (0ms)
		AwakeInstancesAfterBackupRestoration (25ms)
Refreshing native plugins compatible for Editor in 25.40 ms, found 2 plugins.
Preloading 0 native plugins for Editor in 0.00 ms.
Unloading 3139 Unused Serialized files (Serialized files now loaded: 0)
Unloading 30 unused Assets / (105.5 KB). Loaded Objects now: 3775.
Memory consumption went from 119.2 MB to 119.1 MB.
Total: 5.027100 ms (FindLiveObjects: 0.364700 ms CreateObjectMapping: 0.155300 ms MarkObjects: 4.402200 ms  DeleteObjects: 0.103200 ms)

Prepare: number of updated asset objects reloaded= 0
AssetImportParameters requested are different than current active one (requested -> active):
  custom:video-decoder-webm-vp8: 9c59270c3fd7afecdb556c50c9e8de78 -> 
  custom:container-demuxer-ogg: 62fdf1f143b41e24485cea50d1cbac27 -> 
  custom:AudioImporter_EditorPlatform: d09bf68614088b80899f8185d706f6e7 -> 
  custom:video-codec-MediaFoundation-h265: 746d11721c4dcdbdad8f713fa42b33f4 -> 
  custom:video-decoder-ogg-theora: a1e56fd34408186e4bbccfd4996cb3dc -> 
  custom:framework-win-MediaFoundation: 216162199b28c13a410421893ffa2e32 -> 
  custom:video-encoder-webm-vp8: eb34c28f22e8b96e1ab97ce403110664 -> 
  custom:audio-decoder-ogg-vorbis: bf7c407c2cedff20999df2af8eb42d56 -> 
  custom:CustomObjectIndexerAttribute: 756ad292c208cfabdd7b50bc23989ffe -> 
  custom:container-demuxer-webm: 4f35f7cbe854078d1ac9338744f61a02 -> 
  custom:audio-encoder-webm-vorbis: bf7c407c2cedff20999df2af8eb42d56 -> 
  custom:container-muxer-webm: aa71ff27fc2769a1b78a27578f13a17b -> 
========================================================================
Received Prepare
Begin MonoManager ReloadAssembly
Symbol file LoadedFromMemory is not a mono symbol file
- Loaded All Assemblies, in  1.746 seconds
Refreshing native plugins compatible for Editor in 25.16 ms, found 2 plugins.
Native extension for WindowsStandalone target not found
Mono: successfully reloaded assembly
- Finished resetting the current domain, in  2.422 seconds
Domain Reload Profiling: 4149ms
	BeginReloadAssembly (299ms)
		ExecutionOrderSort (0ms)
		DisableScriptedObjects (10ms)
		BackupInstance (0ms)
		ReleaseScriptingObjects (0ms)
		CreateAndSetChildDomain (52ms)
	RebuildCommonClasses (57ms)
	RebuildNativeTypeToScriptingClass (19ms)
	initialDomainReloadingComplete (95ms)
	LoadAllAssembliesAndSetupDomain (1256ms)
		LoadAssemblies (914ms)
		RebuildTransferFunctionScriptingTraits (0ms)
		AnalyzeDomain (468ms)
			TypeCache.Refresh (450ms)
				TypeCache.ScanAssembly (428ms)
			ScanForSourceGeneratedMonoScriptInfo (0ms)
			ResolveRequiredComponents (18ms)
	FinalizeReload (2424ms)
		ReleaseScriptCaches (0ms)
		RebuildScriptCaches (0ms)
		SetupLoadedEditorAssemblies (960ms)
			LogAssemblyErrors (0ms)
			InitializePlatformSupportModulesInManaged (25ms)
			SetLoadedEditorAssemblies (12ms)
			RefreshPlugins (0ms)
			BeforeProcessingInitializeOnLoad (282ms)
			ProcessInitializeOnLoadAttributes (507ms)
			ProcessInitializeOnLoadMethodAttributes (90ms)
			AfterProcessingInitializeOnLoad (44ms)
			EditorAssembliesLoaded (1ms)
		ExecutionOrderSort2 (0ms)
		AwakeInstancesAfterBackupRestoration (24ms)
Refreshing native plugins compatible for Editor in 26.18 ms, found 2 plugins.
Preloading 0 native plugins for Editor in 0.00 ms.
Unloading 3139 Unused Serialized files (Serialized files now loaded: 0)
Unloading 30 unused Assets / (105.5 KB). Loaded Objects now: 3790.
Memory consumption went from 119.3 MB to 119.2 MB.
Total: 5.377700 ms (FindLiveObjects: 0.417400 ms CreateObjectMapping: 0.178400 ms MarkObjects: 4.625500 ms  DeleteObjects: 0.153900 ms)

Prepare: number of updated asset objects reloaded= 0
AssetImportParameters requested are different than current active one (requested -> active):
  custom:video-decoder-webm-vp8: 9c59270c3fd7afecdb556c50c9e8de78 -> 
  custom:container-demuxer-ogg: 62fdf1f143b41e24485cea50d1cbac27 -> 
  custom:AudioImporter_EditorPlatform: d09bf68614088b80899f8185d706f6e7 -> 
  custom:video-codec-MediaFoundation-h265: 746d11721c4dcdbdad8f713fa42b33f4 -> 
  custom:video-decoder-ogg-theora: a1e56fd34408186e4bbccfd4996cb3dc -> 
  custom:framework-win-MediaFoundation: 216162199b28c13a410421893ffa2e32 -> 
  custom:video-encoder-webm-vp8: eb34c28f22e8b96e1ab97ce403110664 -> 
  custom:audio-decoder-ogg-vorbis: bf7c407c2cedff20999df2af8eb42d56 -> 
  custom:CustomObjectIndexerAttribute: 756ad292c208cfabdd7b50bc23989ffe -> 
  custom:container-demuxer-webm: 4f35f7cbe854078d1ac9338744f61a02 -> 
  custom:audio-encoder-webm-vorbis: bf7c407c2cedff20999df2af8eb42d56 -> 
  custom:container-muxer-webm: aa71ff27fc2769a1b78a27578f13a17b -> 
========================================================================
Received Import Request.
  Time since last request: 444.934379 seconds.
  path: Assets/Material/YUGIOH/White_Square.asset
  artifactKey: Guid(0c62ab801ee2c2b4d9ab03243f7787b2) Importer(815301076,1909f56bfc062723c751e8b465ee728b)
Start importing Assets/Material/YUGIOH/White_Square.asset using Guid(0c62ab801ee2c2b4d9ab03243f7787b2) Importer(815301076,1909f56bfc062723c751e8b465ee728b)  -> (artifact id: 'b970c6120c503e040032959f6d4b2970') in 0.132790 seconds
Number of updated asset objects reloaded before import = 0
Number of asset objects unloaded after import = 3
========================================================================
Received Import Request.
  Time since last request: 210.597720 seconds.
  path: Assets/Update/Isometric Tower Defense Pack/Sprites/Enviroument tiles/crystal(2).png
  artifactKey: Guid(fa557cc1aab73db40aa5037e9c0cb506) Importer(815301076,1909f56bfc062723c751e8b465ee728b)
Start importing Assets/Update/Isometric Tower Defense Pack/Sprites/Enviroument tiles/crystal(2).png using Guid(fa557cc1aab73db40aa5037e9c0cb506) Importer(815301076,1909f56bfc062723c751e8b465ee728b)  -> (artifact id: 'd423986de681fba37a04d0867265354b') in 0.083489 seconds
Number of updated asset objects reloaded before import = 0
Number of asset objects unloaded after import = 3
========================================================================
Received Import Request.
  Time since last request: 2.561843 seconds.
  path: Assets/Update/Isometric Tower Defense Pack/Sprites/Landscape tiles/buildingPlaceSand.png
  artifactKey: Guid(39f80beeca022434dadf51ca1d222049) Importer(815301076,1909f56bfc062723c751e8b465ee728b)
Start importing Assets/Update/Isometric Tower Defense Pack/Sprites/Landscape tiles/buildingPlaceSand.png using Guid(39f80beeca022434dadf51ca1d222049) Importer(815301076,1909f56bfc062723c751e8b465ee728b)  -> (artifact id: '3d17970f9546daa529f5a5c493156104') in 0.061749 seconds
Number of updated asset objects reloaded before import = 0
Number of asset objects unloaded after import = 3
========================================================================
Received Import Request.
  Time since last request: 0.000138 seconds.
  path: Assets/Update/Isometric Tower Defense Pack/Sprites/Landscape tiles/snow.png
  artifactKey: Guid(341c1272d93988142a2a41b2e039cff6) Importer(815301076,1909f56bfc062723c751e8b465ee728b)
Start importing Assets/Update/Isometric Tower Defense Pack/Sprites/Landscape tiles/snow.png using Guid(341c1272d93988142a2a41b2e039cff6) Importer(815301076,1909f56bfc062723c751e8b465ee728b)  -> (artifact id: '1dcc19e9ad6b5f326d3252f18a9dc845') in 0.070566 seconds
Number of updated asset objects reloaded before import = 0
Number of asset objects unloaded after import = 3
========================================================================
Received Import Request.
  Time since last request: 0.000024 seconds.
  path: Assets/Update/Isometric Tower Defense Pack/Sprites/Landscape tiles/grass.png
  artifactKey: Guid(eacd4446c407b60449a24ca05c29e0ad) Importer(815301076,1909f56bfc062723c751e8b465ee728b)
Start importing Assets/Update/Isometric Tower Defense Pack/Sprites/Landscape tiles/grass.png using Guid(eacd4446c407b60449a24ca05c29e0ad) Importer(815301076,1909f56bfc062723c751e8b465ee728b)  -> (artifact id: 'ec6540ee174d0dfc855f4f48d540f928') in 0.064977 seconds
Number of updated asset objects reloaded before import = 0
Number of asset objects unloaded after import = 3
========================================================================
Received Import Request.
  Time since last request: 100.887336 seconds.
  path: Assets/Plugins/CW/LeanGUI/Examples/Textures/AlertB.png
  artifactKey: Guid(4ff1457c62fa68442a86f6f107cb0cb6) Importer(815301076,1909f56bfc062723c751e8b465ee728b)
Start importing Assets/Plugins/CW/LeanGUI/Examples/Textures/AlertB.png using Guid(4ff1457c62fa68442a86f6f107cb0cb6) Importer(815301076,1909f56bfc062723c751e8b465ee728b)  -> (artifact id: '5023efe00bbbbf4fe25220f45322f4d9') in 0.046142 seconds
Number of updated asset objects reloaded before import = 0
Number of asset objects unloaded after import = 3
========================================================================
Received Import Request.
  Time since last request: 0.000320 seconds.
  path: Assets/Update/Isometric Tower Defense Pack/Sprites/Enviroument tiles/Desert biome/cactuses/cactus(2).png
  artifactKey: Guid(499139a5025b4ec4892158631e2073a8) Importer(815301076,1909f56bfc062723c751e8b465ee728b)
Start importing Assets/Update/Isometric Tower Defense Pack/Sprites/Enviroument tiles/Desert biome/cactuses/cactus(2).png using Guid(499139a5025b4ec4892158631e2073a8) Importer(815301076,1909f56bfc062723c751e8b465ee728b)  -> (artifact id: 'f855457f1c18c6dc7355d8401bde2eda') in 0.044731 seconds
Number of updated asset objects reloaded before import = 0
Number of asset objects unloaded after import = 3
========================================================================
Received Import Request.
  Time since last request: 0.000031 seconds.
  path: Assets/Update/Isometric Tower Defense Pack/Sprites/Road tiles/Desert biome/road_desert(2).png
  artifactKey: Guid(4d4b2fae58625334db37eb6c8ba40aef) Importer(815301076,1909f56bfc062723c751e8b465ee728b)
Start importing Assets/Update/Isometric Tower Defense Pack/Sprites/Road tiles/Desert biome/road_desert(2).png using Guid(4d4b2fae58625334db37eb6c8ba40aef) Importer(815301076,1909f56bfc062723c751e8b465ee728b)  -> (artifact id: '19d4a0a58108ce3b22f4b293de1ebba0') in 0.049774 seconds
Number of updated asset objects reloaded before import = 0
Number of asset objects unloaded after import = 3
========================================================================
Received Import Request.
  Time since last request: 0.000035 seconds.
  path: Assets/Update/Isometric Tower Defense Pack/Sprites/Enviroument tiles/Spring biome/grass decoration/grass_decoration(5).png
  artifactKey: Guid(f211161b443b9414e898e7879dcaa0e0) Importer(815301076,1909f56bfc062723c751e8b465ee728b)
Start importing Assets/Update/Isometric Tower Defense Pack/Sprites/Enviroument tiles/Spring biome/grass decoration/grass_decoration(5).png using Guid(f211161b443b9414e898e7879dcaa0e0) Importer(815301076,1909f56bfc062723c751e8b465ee728b)  -> (artifact id: '98cd1439b09732f293af06186af05a6b') in 0.052317 seconds
Number of updated asset objects reloaded before import = 0
Number of asset objects unloaded after import = 3
========================================================================
Received Import Request.
  Time since last request: 0.000023 seconds.
  path: Assets/Update/Isometric Tower Defense Pack/Sprites/Road tiles/Winter biome/road_winter(5).png
  artifactKey: Guid(cccd963d8075c164c93c7d5154fe2c56) Importer(815301076,1909f56bfc062723c751e8b465ee728b)
Start importing Assets/Update/Isometric Tower Defense Pack/Sprites/Road tiles/Winter biome/road_winter(5).png using Guid(cccd963d8075c164c93c7d5154fe2c56) Importer(815301076,1909f56bfc062723c751e8b465ee728b)  -> (artifact id: 'cb1717d462b103c4670ff6a84569d6f3') in 0.058902 seconds
Number of updated asset objects reloaded before import = 0
Number of asset objects unloaded after import = 3
========================================================================
Received Import Request.
  Time since last request: 0.000027 seconds.
  path: Assets/Update/Isometric Tower Defense Pack/Sprites/Road tiles/Spring biome/road_spring(8).png
  artifactKey: Guid(535b45c1659b53c4d84c54088636a683) Importer(815301076,1909f56bfc062723c751e8b465ee728b)
Start importing Assets/Update/Isometric Tower Defense Pack/Sprites/Road tiles/Spring biome/road_spring(8).png using Guid(535b45c1659b53c4d84c54088636a683) Importer(815301076,1909f56bfc062723c751e8b465ee728b)  -> (artifact id: '04adb0a6d1b7905eda53316e48e300fc') in 0.055167 seconds
Number of updated asset objects reloaded before import = 0
Number of asset objects unloaded after import = 3
========================================================================
Received Import Request.
  Time since last request: 0.000054 seconds.
  path: Assets/Update/Isometric Tower Defense Pack/Sprites/Road tiles/Winter biome/road_winter(2).png
  artifactKey: Guid(09d7db8f7c2e52c48b0419ece80c4703) Importer(815301076,1909f56bfc062723c751e8b465ee728b)
Start importing Assets/Update/Isometric Tower Defense Pack/Sprites/Road tiles/Winter biome/road_winter(2).png using Guid(09d7db8f7c2e52c48b0419ece80c4703) Importer(815301076,1909f56bfc062723c751e8b465ee728b)  -> (artifact id: '3520862f91bb3fbeabe0491191485d5c') in 0.062357 seconds
Number of updated asset objects reloaded before import = 0
Number of asset objects unloaded after import = 3
========================================================================
Received Import Request.
  Time since last request: 0.000033 seconds.
  path: Assets/Update/Isometric Tower Defense Pack/Sprites/Enviroument tiles/Spring biome/grass decoration/grass_decoration(9).png
  artifactKey: Guid(f90efbd363e2a514e8d75e0c58a78389) Importer(815301076,1909f56bfc062723c751e8b465ee728b)
Start importing Assets/Update/Isometric Tower Defense Pack/Sprites/Enviroument tiles/Spring biome/grass decoration/grass_decoration(9).png using Guid(f90efbd363e2a514e8d75e0c58a78389) Importer(815301076,1909f56bfc062723c751e8b465ee728b)  -> (artifact id: 'e310d7f53c85e511d5075430dad97dad') in 0.058307 seconds
Number of updated asset objects reloaded before import = 0
Number of asset objects unloaded after import = 3
========================================================================
Received Import Request.
  Time since last request: 0.000033 seconds.
  path: Assets/Update/Isometric Tower Defense Pack/Sprites/Enviroument tiles/Desert biome/cactuses/cactus(3).png
  artifactKey: Guid(8e11e7966550c714db29f1f89e5f0d41) Importer(815301076,1909f56bfc062723c751e8b465ee728b)
Start importing Assets/Update/Isometric Tower Defense Pack/Sprites/Enviroument tiles/Desert biome/cactuses/cactus(3).png using Guid(8e11e7966550c714db29f1f89e5f0d41) Importer(815301076,1909f56bfc062723c751e8b465ee728b)  -> (artifact id: 'edfcda1eef2e2e0e5c4e36928d0b83ec') in 0.061450 seconds
Number of updated asset objects reloaded before import = 0
Number of asset objects unloaded after import = 3
========================================================================
Received Import Request.
  Time since last request: 0.000033 seconds.
  path: Assets/Update/Isometric Tower Defense Pack/Sprites/Road tiles/Desert biome/road_desert(3).png
  artifactKey: Guid(c7e24263be0c72d4ba905e92745b3450) Importer(815301076,1909f56bfc062723c751e8b465ee728b)
Start importing Assets/Update/Isometric Tower Defense Pack/Sprites/Road tiles/Desert biome/road_desert(3).png using Guid(c7e24263be0c72d4ba905e92745b3450) Importer(815301076,1909f56bfc062723c751e8b465ee728b)  -> (artifact id: 'ec336f9477bcddc4a04402391c797d08') in 0.060886 seconds
Number of updated asset objects reloaded before import = 0
Number of asset objects unloaded after import = 3
========================================================================
Received Import Request.
  Time since last request: 0.000030 seconds.
  path: Assets/Update/Isometric Tower Defense Pack/Sprites/Towers/Archer/arrow.png
  artifactKey: Guid(48271d0e00649834ab302cd0b7e9103c) Importer(815301076,1909f56bfc062723c751e8b465ee728b)
Start importing Assets/Update/Isometric Tower Defense Pack/Sprites/Towers/Archer/arrow.png using Guid(48271d0e00649834ab302cd0b7e9103c) Importer(815301076,1909f56bfc062723c751e8b465ee728b)  -> (artifact id: '12f7696f0c40061e50a20f749bdb4dd3') in 0.060189 seconds
Number of updated asset objects reloaded before import = 0
Number of asset objects unloaded after import = 3
========================================================================
Received Import Request.
  Time since last request: 0.000051 seconds.
  path: Assets/Update/Isometric Tower Defense Pack/Sprites/Towers/Archer/bow_animation(1).png
  artifactKey: Guid(30352e4f013891348bd6c0d8943c825e) Importer(815301076,1909f56bfc062723c751e8b465ee728b)
Start importing Assets/Update/Isometric Tower Defense Pack/Sprites/Towers/Archer/bow_animation(1).png using Guid(30352e4f013891348bd6c0d8943c825e) Importer(815301076,1909f56bfc062723c751e8b465ee728b)  -> (artifact id: 'e5a02a5561fcd96873fb8b4c6af284ba') in 0.064448 seconds
Number of updated asset objects reloaded before import = 0
Number of asset objects unloaded after import = 3
========================================================================
Received Import Request.
  Time since last request: 0.000053 seconds.
  path: Assets/Update/Isometric Tower Defense Pack/Sprites/Towers/Barrack/shield.png
  artifactKey: Guid(f607e217c5863f146a5acea8ff67104c) Importer(815301076,1909f56bfc062723c751e8b465ee728b)
Start importing Assets/Update/Isometric Tower Defense Pack/Sprites/Towers/Barrack/shield.png using Guid(f607e217c5863f146a5acea8ff67104c) Importer(815301076,1909f56bfc062723c751e8b465ee728b)  -> (artifact id: '35c03934c8d69ec8975a8bafdfd97ac8') in 0.061363 seconds
Number of updated asset objects reloaded before import = 0
Number of asset objects unloaded after import = 3
========================================================================
Received Import Request.
  Time since last request: 0.000386 seconds.
  path: Assets/Update/Isometric Tower Defense Pack/Sprites/Enviroument tiles/Desert biome/cactuses/cactus(1).png
  artifactKey: Guid(47b6565a5ebfa79468918b747e5ed7f6) Importer(815301076,1909f56bfc062723c751e8b465ee728b)
Start importing Assets/Update/Isometric Tower Defense Pack/Sprites/Enviroument tiles/Desert biome/cactuses/cactus(1).png using Guid(47b6565a5ebfa79468918b747e5ed7f6) Importer(815301076,1909f56bfc062723c751e8b465ee728b)  -> (artifact id: '8534b9b6972a91839e0f369d810b2d22') in 0.063472 seconds
Number of updated asset objects reloaded before import = 0
Number of asset objects unloaded after import = 3
========================================================================
Received Import Request.
  Time since last request: 0.000035 seconds.
  path: Assets/Update/Isometric Tower Defense Pack/Sprites/Enviroument tiles/Desert biome/desert decoration/sand_decoration(3).png
  artifactKey: Guid(1c4d77672ea43d64cb23a47d9dbb9c66) Importer(815301076,1909f56bfc062723c751e8b465ee728b)
Start importing Assets/Update/Isometric Tower Defense Pack/Sprites/Enviroument tiles/Desert biome/desert decoration/sand_decoration(3).png using Guid(1c4d77672ea43d64cb23a47d9dbb9c66) Importer(815301076,1909f56bfc062723c751e8b465ee728b)  -> (artifact id: '3a07130a9c32163e2d4b2685ff895fdf') in 0.063007 seconds
Number of updated asset objects reloaded before import = 0
Number of asset objects unloaded after import = 3
========================================================================
Received Import Request.
  Time since last request: 0.000041 seconds.
  path: Assets/Update/Isometric Tower Defense Pack/Sprites/Road tiles/Winter biome/road_winter(3).png
  artifactKey: Guid(6b4294d41decf6245b47a0482e7bd0ad) Importer(815301076,1909f56bfc062723c751e8b465ee728b)
Start importing Assets/Update/Isometric Tower Defense Pack/Sprites/Road tiles/Winter biome/road_winter(3).png using Guid(6b4294d41decf6245b47a0482e7bd0ad) Importer(815301076,1909f56bfc062723c751e8b465ee728b)  -> (artifact id: 'ab25f9f94559993bedb886ed71719b7d') in 0.063895 seconds
Number of updated asset objects reloaded before import = 0
Number of asset objects unloaded after import = 3
========================================================================
Received Import Request.
  Time since last request: 0.000051 seconds.
  path: Assets/Update/Isometric Tower Defense Pack/Sprites/Towers/Archer/bow_animation(2).png
  artifactKey: Guid(ad32fb740a95c064eb545b6f22e8e4e8) Importer(815301076,1909f56bfc062723c751e8b465ee728b)
Start importing Assets/Update/Isometric Tower Defense Pack/Sprites/Towers/Archer/bow_animation(2).png using Guid(ad32fb740a95c064eb545b6f22e8e4e8) Importer(815301076,1909f56bfc062723c751e8b465ee728b)  -> (artifact id: 'cfdb9e8071cd72dde151cc6a62a81d06') in 0.065037 seconds
Number of updated asset objects reloaded before import = 0
Number of asset objects unloaded after import = 3
========================================================================
Received Import Request.
  Time since last request: 0.000027 seconds.
  path: Assets/Update/Isometric Tower Defense Pack/Sprites/Towers/Barrack/knight_level_2.png
  artifactKey: Guid(22db25a1aa4c4f640b2cf17f4399dabf) Importer(815301076,1909f56bfc062723c751e8b465ee728b)
Start importing Assets/Update/Isometric Tower Defense Pack/Sprites/Towers/Barrack/knight_level_2.png using Guid(22db25a1aa4c4f640b2cf17f4399dabf) Importer(815301076,1909f56bfc062723c751e8b465ee728b)  -> (artifact id: '93eaab33c8652630873eb9bef66d108f') in 0.062623 seconds
Number of updated asset objects reloaded before import = 0
Number of asset objects unloaded after import = 3
========================================================================
Received Import Request.
  Time since last request: 0.000041 seconds.
  path: Assets/Update/Isometric Tower Defense Pack/Sprites/Towers/Archer/bow_animation(3).png
  artifactKey: Guid(62a571f9eb12e0941b04e11934b34388) Importer(815301076,1909f56bfc062723c751e8b465ee728b)
Start importing Assets/Update/Isometric Tower Defense Pack/Sprites/Towers/Archer/bow_animation(3).png using Guid(62a571f9eb12e0941b04e11934b34388) Importer(815301076,1909f56bfc062723c751e8b465ee728b)  -> (artifact id: '7edc8c4afd38fcd8116bbd159ab77c92') in 0.063597 seconds
Number of updated asset objects reloaded before import = 0
Number of asset objects unloaded after import = 3
========================================================================
Received Import Request.
  Time since last request: 0.000050 seconds.
  path: Assets/Plugins/CW/LeanCommon/Examples/Textures/Plus.png
  artifactKey: Guid(db2224dd326a6f447817905cfc1a363f) Importer(815301076,1909f56bfc062723c751e8b465ee728b)
Start importing Assets/Plugins/CW/LeanCommon/Examples/Textures/Plus.png using Guid(db2224dd326a6f447817905cfc1a363f) Importer(815301076,1909f56bfc062723c751e8b465ee728b)  -> (artifact id: 'fc8d37daa2038ad4c172b9fa5e0600a6') in 0.064991 seconds
Number of updated asset objects reloaded before import = 0
Number of asset objects unloaded after import = 3
========================================================================
Received Import Request.
  Time since last request: 0.000038 seconds.
  path: Assets/Update/Isometric Tower Defense Pack/Sprites/Road tiles/Spring biome/road_spring(3).png
  artifactKey: Guid(fcfc33eca47adc94da327dc1d8a301e7) Importer(815301076,1909f56bfc062723c751e8b465ee728b)
Start importing Assets/Update/Isometric Tower Defense Pack/Sprites/Road tiles/Spring biome/road_spring(3).png using Guid(fcfc33eca47adc94da327dc1d8a301e7) Importer(815301076,1909f56bfc062723c751e8b465ee728b)  -> (artifact id: '190de37e32a87506e08bec1cb406fda3') in 0.072448 seconds
Number of updated asset objects reloaded before import = 0
Number of asset objects unloaded after import = 3
========================================================================
Received Import Request.
  Time since last request: 0.000049 seconds.
  path: Assets/Plugins/CW/LeanGUI/Examples/Textures/Round50.png
  artifactKey: Guid(7c5922f9fb70b6046851f338315c81ad) Importer(815301076,1909f56bfc062723c751e8b465ee728b)
Start importing Assets/Plugins/CW/LeanGUI/Examples/Textures/Round50.png using Guid(7c5922f9fb70b6046851f338315c81ad) Importer(815301076,1909f56bfc062723c751e8b465ee728b)  -> (artifact id: '97498db536b90cfaf65a72ecd4a69945') in 0.066717 seconds
Number of updated asset objects reloaded before import = 0
Number of asset objects unloaded after import = 3
========================================================================
Received Import Request.
  Time since last request: 0.000040 seconds.
  path: Assets/Update/Isometric Tower Defense Pack/Sprites/Road tiles/Winter biome/road_winter(7).png
  artifactKey: Guid(75764926cdf750f4184b5227959c72cc) Importer(815301076,1909f56bfc062723c751e8b465ee728b)
Start importing Assets/Update/Isometric Tower Defense Pack/Sprites/Road tiles/Winter biome/road_winter(7).png using Guid(75764926cdf750f4184b5227959c72cc) Importer(815301076,1909f56bfc062723c751e8b465ee728b)  -> (artifact id: '3e005789f30aaf8cb234c9c6ade64474') in 0.070639 seconds
Number of updated asset objects reloaded before import = 0
Number of asset objects unloaded after import = 3
========================================================================
Received Import Request.
  Time since last request: 0.000026 seconds.
  path: Assets/Update/Isometric Tower Defense Pack/Sprites/Enviroument tiles/Spring biome/grass decoration/grass_decoration(7).png
  artifactKey: Guid(29d945ddd37937c4aaef1c94d19b7ac0) Importer(815301076,1909f56bfc062723c751e8b465ee728b)
Start importing Assets/Update/Isometric Tower Defense Pack/Sprites/Enviroument tiles/Spring biome/grass decoration/grass_decoration(7).png using Guid(29d945ddd37937c4aaef1c94d19b7ac0) Importer(815301076,1909f56bfc062723c751e8b465ee728b)  -> (artifact id: '1cd0cd31fda1235a5a4aa5328360acb5') in 0.061077 seconds
Number of updated asset objects reloaded before import = 0
Number of asset objects unloaded after import = 3
========================================================================
Received Import Request.
  Time since last request: 0.000027 seconds.
  path: Assets/Update/Isometric Tower Defense Pack/Sprites/Road tiles/Spring biome/road_spring(4).png
  artifactKey: Guid(ea8f3680d7c7e6e4595800571e15209f) Importer(815301076,1909f56bfc062723c751e8b465ee728b)
Start importing Assets/Update/Isometric Tower Defense Pack/Sprites/Road tiles/Spring biome/road_spring(4).png using Guid(ea8f3680d7c7e6e4595800571e15209f) Importer(815301076,1909f56bfc062723c751e8b465ee728b)  -> (artifact id: 'ead7487098009db026732076b2427a47') in 0.066594 seconds
Number of updated asset objects reloaded before import = 0
Number of asset objects unloaded after import = 3
========================================================================
Received Import Request.
  Time since last request: 0.000031 seconds.
  path: Assets/Plugins/CW/LeanGUI/Examples/Textures/Round10.png
  artifactKey: Guid(f196065f35d566f46978d4ec2c7699e2) Importer(815301076,1909f56bfc062723c751e8b465ee728b)
Start importing Assets/Plugins/CW/LeanGUI/Examples/Textures/Round10.png using Guid(f196065f35d566f46978d4ec2c7699e2) Importer(815301076,1909f56bfc062723c751e8b465ee728b)  -> (artifact id: 'd03119f5fa2703a95b30488bc40cc605') in 0.065698 seconds
Number of updated asset objects reloaded before import = 0
Number of asset objects unloaded after import = 3
========================================================================
Received Import Request.
  Time since last request: 0.000045 seconds.
  path: Assets/Plugins/CW/LeanGUI/Examples/Textures/Round5.png
  artifactKey: Guid(058746e0bcbddd34fb3688afe1575c00) Importer(815301076,1909f56bfc062723c751e8b465ee728b)
Start importing Assets/Plugins/CW/LeanGUI/Examples/Textures/Round5.png using Guid(058746e0bcbddd34fb3688afe1575c00) Importer(815301076,1909f56bfc062723c751e8b465ee728b)  -> (artifact id: 'ce077d5defad7b665c6a0309fffe3bde') in 0.060617 seconds
Number of updated asset objects reloaded before import = 0
Number of asset objects unloaded after import = 3
========================================================================
Received Import Request.
  Time since last request: 0.000034 seconds.
  path: Assets/Update/Isometric Tower Defense Pack/Sprites/Road tiles/Spring biome/road_spring(12).png
  artifactKey: Guid(16d1f06c37b0e6e4abfaffebfa2d5fba) Importer(815301076,1909f56bfc062723c751e8b465ee728b)
Start importing Assets/Update/Isometric Tower Defense Pack/Sprites/Road tiles/Spring biome/road_spring(12).png using Guid(16d1f06c37b0e6e4abfaffebfa2d5fba) Importer(815301076,1909f56bfc062723c751e8b465ee728b)  -> (artifact id: '7f1031af8ad4d23dda8f0182278f8b64') in 0.054930 seconds
Number of updated asset objects reloaded before import = 0
Number of asset objects unloaded after import = 3
========================================================================
Received Import Request.
  Time since last request: 0.000031 seconds.
  path: Assets/Plugins/CW/LeanGUI/Examples/Textures/Round50_Thickness5.png
  artifactKey: Guid(6d7ceb3c6ea74484ba3c7aa05775fe23) Importer(815301076,1909f56bfc062723c751e8b465ee728b)
Start importing Assets/Plugins/CW/LeanGUI/Examples/Textures/Round50_Thickness5.png using Guid(6d7ceb3c6ea74484ba3c7aa05775fe23) Importer(815301076,1909f56bfc062723c751e8b465ee728b)  -> (artifact id: '191745defa1a8ca052f8c1754813e6d6') in 0.049271 seconds
Number of updated asset objects reloaded before import = 0
Number of asset objects unloaded after import = 3
========================================================================
Received Import Request.
  Time since last request: 0.000063 seconds.
  path: Assets/Update/Isometric Tower Defense Pack/Sprites/Road tiles/Spring biome/road_spring(1).png
  artifactKey: Guid(6102f52ad94a3dc42bdbf392fd7b16e2) Importer(815301076,1909f56bfc062723c751e8b465ee728b)
Start importing Assets/Update/Isometric Tower Defense Pack/Sprites/Road tiles/Spring biome/road_spring(1).png using Guid(6102f52ad94a3dc42bdbf392fd7b16e2) Importer(815301076,1909f56bfc062723c751e8b465ee728b)  -> (artifact id: 'fa005b5b9df0130e17a6e1460b88d236') in 0.054264 seconds
Number of updated asset objects reloaded before import = 0
Number of asset objects unloaded after import = 3
========================================================================
Received Import Request.
  Time since last request: 0.000026 seconds.
  path: Assets/Update/Isometric Tower Defense Pack/Sprites/Road tiles/Desert biome/road_desert(10).png
  artifactKey: Guid(9135521be01f01342bc6ea70bedd9826) Importer(815301076,1909f56bfc062723c751e8b465ee728b)
Start importing Assets/Update/Isometric Tower Defense Pack/Sprites/Road tiles/Desert biome/road_desert(10).png using Guid(9135521be01f01342bc6ea70bedd9826) Importer(815301076,1909f56bfc062723c751e8b465ee728b)  -> (artifact id: '94c309c9eca33a9284bd86d083795241') in 0.050048 seconds
Number of updated asset objects reloaded before import = 0
Number of asset objects unloaded after import = 3
========================================================================
Received Import Request.
  Time since last request: 0.000042 seconds.
  path: Assets/Update/Isometric Tower Defense Pack/Sprites/Enviroument tiles/Desert biome/desert decoration/sand_decoration(2).png
  artifactKey: Guid(9a356022e2fe47e46981755223b6777d) Importer(815301076,1909f56bfc062723c751e8b465ee728b)
Start importing Assets/Update/Isometric Tower Defense Pack/Sprites/Enviroument tiles/Desert biome/desert decoration/sand_decoration(2).png using Guid(9a356022e2fe47e46981755223b6777d) Importer(815301076,1909f56bfc062723c751e8b465ee728b)  -> (artifact id: '662e7d686fd8b04f3dbe684988909ce9') in 0.048457 seconds
Number of updated asset objects reloaded before import = 0
Number of asset objects unloaded after import = 3
========================================================================
Received Import Request.
  Time since last request: 0.000022 seconds.
  path: Assets/Update/Isometric Tower Defense Pack/Sprites/Towers/Barrack/barrack_level_1 (1).png
  artifactKey: Guid(d57dcbd3f9564554da1784d3bd7b8205) Importer(815301076,1909f56bfc062723c751e8b465ee728b)
Start importing Assets/Update/Isometric Tower Defense Pack/Sprites/Towers/Barrack/barrack_level_1 (1).png using Guid(d57dcbd3f9564554da1784d3bd7b8205) Importer(815301076,1909f56bfc062723c751e8b465ee728b)  -> (artifact id: '5ee90ca56a207fe353a3720ca5a6e1ab') in 0.050724 seconds
Number of updated asset objects reloaded before import = 0
Number of asset objects unloaded after import = 3
========================================================================
Received Import Request.
  Time since last request: 0.000029 seconds.
  path: Assets/Update/Isometric Tower Defense Pack/Sprites/Towers/Barrack/barrack_level_2 (2).png
  artifactKey: Guid(941fdfe1007abeb4faf441a1d524a9b4) Importer(815301076,1909f56bfc062723c751e8b465ee728b)
Start importing Assets/Update/Isometric Tower Defense Pack/Sprites/Towers/Barrack/barrack_level_2 (2).png using Guid(941fdfe1007abeb4faf441a1d524a9b4) Importer(815301076,1909f56bfc062723c751e8b465ee728b)  -> (artifact id: '539dcfc047459abc754f9851b259e9c0') in 0.049310 seconds
Number of updated asset objects reloaded before import = 0
Number of asset objects unloaded after import = 3
========================================================================
Received Import Request.
  Time since last request: 0.000021 seconds.
  path: Assets/Plugins/CW/LeanGUI/Examples/Textures/Round30.png
  artifactKey: Guid(a61ad81115bbc78438e554a7299d18ee) Importer(815301076,1909f56bfc062723c751e8b465ee728b)
Start importing Assets/Plugins/CW/LeanGUI/Examples/Textures/Round30.png using Guid(a61ad81115bbc78438e554a7299d18ee) Importer(815301076,1909f56bfc062723c751e8b465ee728b)  -> (artifact id: 'ab82cf2f044ab117b273d726b51f355c') in 0.046868 seconds
Number of updated asset objects reloaded before import = 0
Number of asset objects unloaded after import = 3
========================================================================
Received Import Request.
  Time since last request: 0.000032 seconds.
  path: Assets/Update/Isometric Tower Defense Pack/Sprites/Enviroument tiles/Desert biome/desert decoration/sand_decoration(6).png
  artifactKey: Guid(e2bb5f05f8a65774cb91ca0ccee44ffd) Importer(815301076,1909f56bfc062723c751e8b465ee728b)
Start importing Assets/Update/Isometric Tower Defense Pack/Sprites/Enviroument tiles/Desert biome/desert decoration/sand_decoration(6).png using Guid(e2bb5f05f8a65774cb91ca0ccee44ffd) Importer(815301076,1909f56bfc062723c751e8b465ee728b)  -> (artifact id: '329bd0226b04d085c9bad67a83c4637b') in 0.048697 seconds
Number of updated asset objects reloaded before import = 0
Number of asset objects unloaded after import = 3
========================================================================
Received Import Request.
  Time since last request: 0.000137 seconds.
  path: Assets/Update/Isometric Tower Defense Pack/Sprites/Towers/Barrack/knight_level_1.png
  artifactKey: Guid(48205fe0d80a9fb48984ac11750b6a86) Importer(815301076,1909f56bfc062723c751e8b465ee728b)
Start importing Assets/Update/Isometric Tower Defense Pack/Sprites/Towers/Barrack/knight_level_1.png using Guid(48205fe0d80a9fb48984ac11750b6a86) Importer(815301076,1909f56bfc062723c751e8b465ee728b)  -> (artifact id: '3d72a7990bb065ba8e2192377ae935d0') in 0.049650 seconds
Number of updated asset objects reloaded before import = 0
Number of asset objects unloaded after import = 3
========================================================================
Received Import Request.
  Time since last request: 0.000024 seconds.
  path: Assets/Plugins/CW/LeanGUI/Examples/Textures/Round10_Thickness5.png
  artifactKey: Guid(777d456c40a39bb48b26b19a3a020ce7) Importer(815301076,1909f56bfc062723c751e8b465ee728b)
Start importing Assets/Plugins/CW/LeanGUI/Examples/Textures/Round10_Thickness5.png using Guid(777d456c40a39bb48b26b19a3a020ce7) Importer(815301076,1909f56bfc062723c751e8b465ee728b)  -> (artifact id: 'b9f79f78f188c0d7a0ba3be7977448f5') in 0.053433 seconds
Number of updated asset objects reloaded before import = 0
Number of asset objects unloaded after import = 3
========================================================================
Received Import Request.
  Time since last request: 0.000027 seconds.
  path: Assets/Update/Isometric Tower Defense Pack/Sprites/Enviroument tiles/Spring biome/grass decoration/grass_decoration(2).png
  artifactKey: Guid(a6f2e6c827e6e384bba45e8611833773) Importer(815301076,1909f56bfc062723c751e8b465ee728b)
Start importing Assets/Update/Isometric Tower Defense Pack/Sprites/Enviroument tiles/Spring biome/grass decoration/grass_decoration(2).png using Guid(a6f2e6c827e6e384bba45e8611833773) Importer(815301076,1909f56bfc062723c751e8b465ee728b)  -> (artifact id: '2840f10a260b5849d86a5258a662fd1a') in 0.049818 seconds
Number of updated asset objects reloaded before import = 0
Number of asset objects unloaded after import = 3
========================================================================
Received Import Request.
  Time since last request: 0.000025 seconds.
  path: Assets/Update/Isometric Tower Defense Pack/Sprites/Road tiles/Desert biome/road_desert(6).png
  artifactKey: Guid(3fdcb8f6fbe9c7a45ad2538e6702a575) Importer(815301076,1909f56bfc062723c751e8b465ee728b)
Start importing Assets/Update/Isometric Tower Defense Pack/Sprites/Road tiles/Desert biome/road_desert(6).png using Guid(3fdcb8f6fbe9c7a45ad2538e6702a575) Importer(815301076,1909f56bfc062723c751e8b465ee728b)  -> (artifact id: '8600452224f3f90b0b7b202aa451e330') in 0.052270 seconds
Number of updated asset objects reloaded before import = 0
Number of asset objects unloaded after import = 3
========================================================================
Received Import Request.
  Time since last request: 0.000024 seconds.
  path: Assets/Update/Isometric Tower Defense Pack/Sprites/Road tiles/Spring biome/road_spring(7).png
  artifactKey: Guid(bda8c499111718d42abcf68129fb2de6) Importer(815301076,1909f56bfc062723c751e8b465ee728b)
Start importing Assets/Update/Isometric Tower Defense Pack/Sprites/Road tiles/Spring biome/road_spring(7).png using Guid(bda8c499111718d42abcf68129fb2de6) Importer(815301076,1909f56bfc062723c751e8b465ee728b)  -> (artifact id: 'e78733b614d5b93d3974d8b2c6426ff5') in 0.059545 seconds
Number of updated asset objects reloaded before import = 0
Number of asset objects unloaded after import = 3
========================================================================
Received Import Request.
  Time since last request: 0.000039 seconds.
  path: Assets/Update/Isometric Tower Defense Pack/Sprites/Road tiles/Spring biome/road_spring(6).png
  artifactKey: Guid(f31c72aa92f107642ac5c6192956cb8e) Importer(815301076,1909f56bfc062723c751e8b465ee728b)
Start importing Assets/Update/Isometric Tower Defense Pack/Sprites/Road tiles/Spring biome/road_spring(6).png using Guid(f31c72aa92f107642ac5c6192956cb8e) Importer(815301076,1909f56bfc062723c751e8b465ee728b)  -> (artifact id: '1e6667e6b2577f9eb093da97ecfb0d3a') in 0.062261 seconds
Number of updated asset objects reloaded before import = 0
Number of asset objects unloaded after import = 3
========================================================================
Received Import Request.
  Time since last request: 0.000037 seconds.
  path: Assets/Update/Isometric Tower Defense Pack/Sprites/Road tiles/Winter biome/road_winter(6).png
  artifactKey: Guid(fa5f67f8b8d177e47a824af2cf3de863) Importer(815301076,1909f56bfc062723c751e8b465ee728b)
Start importing Assets/Update/Isometric Tower Defense Pack/Sprites/Road tiles/Winter biome/road_winter(6).png using Guid(fa5f67f8b8d177e47a824af2cf3de863) Importer(815301076,1909f56bfc062723c751e8b465ee728b)  -> (artifact id: '948f4316dccd6b0b3d26fa7862d25c57') in 0.058449 seconds
Number of updated asset objects reloaded before import = 0
Number of asset objects unloaded after import = 3
========================================================================
Received Import Request.
  Time since last request: 0.000034 seconds.
  path: Assets/Update/Isometric Tower Defense Pack/Sprites/Towers/Archer/archer_level_1.png
  artifactKey: Guid(0a0b70cfd52e574419e377163923b946) Importer(815301076,1909f56bfc062723c751e8b465ee728b)
Start importing Assets/Update/Isometric Tower Defense Pack/Sprites/Towers/Archer/archer_level_1.png using Guid(0a0b70cfd52e574419e377163923b946) Importer(815301076,1909f56bfc062723c751e8b465ee728b)  -> (artifact id: '0add7c7c2bad7ffb38b251e24fd397b9') in 0.063312 seconds
Number of updated asset objects reloaded before import = 0
Number of asset objects unloaded after import = 3
========================================================================
Received Import Request.
  Time since last request: 0.000029 seconds.
  path: Assets/Update/Isometric Tower Defense Pack/Sprites/Towers/Archer/archer.png
  artifactKey: Guid(ee6cca2be99914149b1604bdf36b3844) Importer(815301076,1909f56bfc062723c751e8b465ee728b)
Start importing Assets/Update/Isometric Tower Defense Pack/Sprites/Towers/Archer/archer.png using Guid(ee6cca2be99914149b1604bdf36b3844) Importer(815301076,1909f56bfc062723c751e8b465ee728b)  -> (artifact id: 'b11386ca6ec259f334896d90d76f8f04') in 0.064289 seconds
Number of updated asset objects reloaded before import = 0
Number of asset objects unloaded after import = 3
========================================================================
Received Import Request.
  Time since last request: 0.000036 seconds.
  path: Assets/Update/Isometric Tower Defense Pack/Sprites/Towers/Archer/archer_level_3.png
  artifactKey: Guid(49763f91ff9a68644897226748ef2f76) Importer(815301076,1909f56bfc062723c751e8b465ee728b)
Start importing Assets/Update/Isometric Tower Defense Pack/Sprites/Towers/Archer/archer_level_3.png using Guid(49763f91ff9a68644897226748ef2f76) Importer(815301076,1909f56bfc062723c751e8b465ee728b)  -> (artifact id: 'd5ab2de3e82e6d99f40ff16c417a5b61') in 0.061194 seconds
Number of updated asset objects reloaded before import = 0
Number of asset objects unloaded after import = 3
========================================================================
Received Import Request.
  Time since last request: 12.803443 seconds.
  path: Assets/Update/Isometric Tower Defense Pack/Sprites/Enviroument tiles/Winter biome/snow decoration/snow_decoration(2).png
  artifactKey: Guid(fd9f0ab3dd99a8b4d8c08f8f83a11ccb) Importer(815301076,1909f56bfc062723c751e8b465ee728b)
Start importing Assets/Update/Isometric Tower Defense Pack/Sprites/Enviroument tiles/Winter biome/snow decoration/snow_decoration(2).png using Guid(fd9f0ab3dd99a8b4d8c08f8f83a11ccb) Importer(815301076,1909f56bfc062723c751e8b465ee728b)  -> (artifact id: '9fd4cea8e5f881aaddf533606480b135') in 0.048534 seconds
Number of updated asset objects reloaded before import = 0
Number of asset objects unloaded after import = 3
========================================================================
Received Import Request.
  Time since last request: 0.000073 seconds.
  path: Assets/Update/Isometric Tower Defense Pack/Sprites/Enviroument tiles/Spring biome/stones/stone(1).png
  artifactKey: Guid(99288fc4fcf307e41962dfbbf115a3f2) Importer(815301076,1909f56bfc062723c751e8b465ee728b)
Start importing Assets/Update/Isometric Tower Defense Pack/Sprites/Enviroument tiles/Spring biome/stones/stone(1).png using Guid(99288fc4fcf307e41962dfbbf115a3f2) Importer(815301076,1909f56bfc062723c751e8b465ee728b)  -> (artifact id: '36a87c723a28668c01123b73c68f92c4') in 0.050276 seconds
Number of updated asset objects reloaded before import = 0
Number of asset objects unloaded after import = 3
========================================================================
Received Import Request.
  Time since last request: 0.000125 seconds.
  path: Assets/Update/Isometric Tower Defense Pack/Sprites/Enviroument tiles/Winter biome/snow decoration/snow_decoration(9).png
  artifactKey: Guid(5167b8981af0091429fdb3b76d247214) Importer(815301076,1909f56bfc062723c751e8b465ee728b)
Start importing Assets/Update/Isometric Tower Defense Pack/Sprites/Enviroument tiles/Winter biome/snow decoration/snow_decoration(9).png using Guid(5167b8981af0091429fdb3b76d247214) Importer(815301076,1909f56bfc062723c751e8b465ee728b)  -> (artifact id: '7e697a67937aaa6812967e5ee8e235c0') in 0.053190 seconds
Number of updated asset objects reloaded before import = 0
Number of asset objects unloaded after import = 3
========================================================================
Received Import Request.
  Time since last request: 0.000040 seconds.
  path: Assets/Update/Isometric Tower Defense Pack/Sprites/UFO/UFO(5).png
  artifactKey: Guid(59b7bd07573512e42a6820bce6f9d2ff) Importer(815301076,1909f56bfc062723c751e8b465ee728b)
Start importing Assets/Update/Isometric Tower Defense Pack/Sprites/UFO/UFO(5).png using Guid(59b7bd07573512e42a6820bce6f9d2ff) Importer(815301076,1909f56bfc062723c751e8b465ee728b)  -> (artifact id: '161f17841e6eb7908fb1e08f58f26ae9') in 0.057595 seconds
Number of updated asset objects reloaded before import = 0
Number of asset objects unloaded after import = 3
========================================================================
Received Import Request.
  Time since last request: 0.000037 seconds.
  path: Assets/Update/Isometric Tower Defense Pack/Sprites/UFO/UFO(1).png
  artifactKey: Guid(f2728ae8e64279c448dd84d9d4d74a2a) Importer(815301076,1909f56bfc062723c751e8b465ee728b)
Start importing Assets/Update/Isometric Tower Defense Pack/Sprites/UFO/UFO(1).png using Guid(f2728ae8e64279c448dd84d9d4d74a2a) Importer(815301076,1909f56bfc062723c751e8b465ee728b)  -> (artifact id: 'c61b264cf06d0ee8a5f80e58fb99af30') in 0.058333 seconds
Number of updated asset objects reloaded before import = 0
Number of asset objects unloaded after import = 3
========================================================================
Received Import Request.
  Time since last request: 0.000035 seconds.
  path: Assets/Update/Isometric Tower Defense Pack/Sprites/Enviroument tiles/Winter biome/snow decoration/snow_decoration(7).png
  artifactKey: Guid(53d30f288d928b848851d138e896e42a) Importer(815301076,1909f56bfc062723c751e8b465ee728b)
Start importing Assets/Update/Isometric Tower Defense Pack/Sprites/Enviroument tiles/Winter biome/snow decoration/snow_decoration(7).png using Guid(53d30f288d928b848851d138e896e42a) Importer(815301076,1909f56bfc062723c751e8b465ee728b)  -> (artifact id: 'ab1fc4bab4bcd744a88359769db61ee4') in 0.044809 seconds
Number of updated asset objects reloaded before import = 0
Number of asset objects unloaded after import = 3
========================================================================
Received Import Request.
  Time since last request: 0.000048 seconds.
  path: Assets/Update/Isometric Tower Defense Pack/Sprites/Enviroument tiles/Winter biome/snow decoration/snow_decoration(4).png
  artifactKey: Guid(648071d341d4a0a44a813a503d0094a6) Importer(815301076,1909f56bfc062723c751e8b465ee728b)
Start importing Assets/Update/Isometric Tower Defense Pack/Sprites/Enviroument tiles/Winter biome/snow decoration/snow_decoration(4).png using Guid(648071d341d4a0a44a813a503d0094a6) Importer(815301076,1909f56bfc062723c751e8b465ee728b)  -> (artifact id: 'ccf39875bf31b6d88e62be9464fefb00') in 0.061506 seconds
Number of updated asset objects reloaded before import = 0
Number of asset objects unloaded after import = 3
========================================================================
Received Import Request.
  Time since last request: 0.000045 seconds.
  path: Assets/Update/Isometric Tower Defense Pack/Sprites/Enviroument tiles/Spring biome/trees/tree(1).png
  artifactKey: Guid(0e839f0458eee0048bfb70d395c8cbf9) Importer(815301076,1909f56bfc062723c751e8b465ee728b)
Start importing Assets/Update/Isometric Tower Defense Pack/Sprites/Enviroument tiles/Spring biome/trees/tree(1).png using Guid(0e839f0458eee0048bfb70d395c8cbf9) Importer(815301076,1909f56bfc062723c751e8b465ee728b)  -> (artifact id: '14e7a0db54f8850620f78e6d8d2d9ef0') in 0.058034 seconds
Number of updated asset objects reloaded before import = 0
Number of asset objects unloaded after import = 3
========================================================================
Received Import Request.
  Time since last request: 0.000039 seconds.
  path: Assets/Simple Scroll-Snap/Examples/Example 1 (macOS Finder)/Sprites/Songs/Thriller by Michael Jackson.png
  artifactKey: Guid(e524a3b68f0e0074d8bc0405fe6f4bc5) Importer(815301076,1909f56bfc062723c751e8b465ee728b)
Start importing Assets/Simple Scroll-Snap/Examples/Example 1 (macOS Finder)/Sprites/Songs/Thriller by Michael Jackson.png using Guid(e524a3b68f0e0074d8bc0405fe6f4bc5) Importer(815301076,1909f56bfc062723c751e8b465ee728b)  -> (artifact id: 'c5f9b320835f0237d6100eb1736e8231') in 0.068944 seconds
Number of updated asset objects reloaded before import = 0
Number of asset objects unloaded after import = 3
========================================================================
Received Import Request.
  Time since last request: 0.000046 seconds.
  path: Assets/Simple Scroll-Snap/Examples/Example 1 (macOS Finder)/Sprites/Songs/When Doves Cry by Prince.png
  artifactKey: Guid(f34219b93224f3940aa62c8e4ac31fef) Importer(815301076,1909f56bfc062723c751e8b465ee728b)
Start importing Assets/Simple Scroll-Snap/Examples/Example 1 (macOS Finder)/Sprites/Songs/When Doves Cry by Prince.png using Guid(f34219b93224f3940aa62c8e4ac31fef) Importer(815301076,1909f56bfc062723c751e8b465ee728b)  -> (artifact id: 'aad5b6fa031314791ba7e617448ae248') in 0.076796 seconds
Number of updated asset objects reloaded before import = 0
Number of asset objects unloaded after import = 3
========================================================================
Received Import Request.
  Time since last request: 0.000043 seconds.
  path: Assets/Update/Isometric Tower Defense Pack/Sprites/Enviroument tiles/Winter biome/trees/tree_winter(1).png
  artifactKey: Guid(b63ab69d690879a4c80794a7952b8f18) Importer(815301076,1909f56bfc062723c751e8b465ee728b)
Start importing Assets/Update/Isometric Tower Defense Pack/Sprites/Enviroument tiles/Winter biome/trees/tree_winter(1).png using Guid(b63ab69d690879a4c80794a7952b8f18) Importer(815301076,1909f56bfc062723c751e8b465ee728b)  -> (artifact id: '9b30e971534bd94c457c83922296bb1d') in 0.062959 seconds
Number of updated asset objects reloaded before import = 0
Number of asset objects unloaded after import = 3
========================================================================
Received Import Request.
  Time since last request: 0.000039 seconds.
  path: Assets/Update/Isometric Tower Defense Pack/Sprites/Towers/Wizard/wizard_bullet.png
  artifactKey: Guid(36586f9e70906b84b8782f53c32150ca) Importer(815301076,1909f56bfc062723c751e8b465ee728b)
Start importing Assets/Update/Isometric Tower Defense Pack/Sprites/Towers/Wizard/wizard_bullet.png using Guid(36586f9e70906b84b8782f53c32150ca) Importer(815301076,1909f56bfc062723c751e8b465ee728b)  -> (artifact id: '764ef0d11f999f36a9635ab02b0e5e81') in 0.064670 seconds
Number of updated asset objects reloaded before import = 0
Number of asset objects unloaded after import = 3
========================================================================
Received Import Request.
  Time since last request: 0.000032 seconds.
  path: Assets/Update/Isometric Tower Defense Pack/Sprites/UFO/UFO(2).png
  artifactKey: Guid(830f414c72c24bc49a7f8674c8716d8c) Importer(815301076,1909f56bfc062723c751e8b465ee728b)
Start importing Assets/Update/Isometric Tower Defense Pack/Sprites/UFO/UFO(2).png using Guid(830f414c72c24bc49a7f8674c8716d8c) Importer(815301076,1909f56bfc062723c751e8b465ee728b)  -> (artifact id: '68cc735a61ab0d6e9e2c99fb67c90e72') in 0.067692 seconds
Number of updated asset objects reloaded before import = 0
Number of asset objects unloaded after import = 3
========================================================================
Received Import Request.
  Time since last request: 0.000042 seconds.
  path: Assets/Update/Isometric Tower Defense Pack/Sprites/UFO/UFO(7).png
  artifactKey: Guid(1ab99f8c7ab087c45a9cefdfd96ce42e) Importer(815301076,1909f56bfc062723c751e8b465ee728b)
Start importing Assets/Update/Isometric Tower Defense Pack/Sprites/UFO/UFO(7).png using Guid(1ab99f8c7ab087c45a9cefdfd96ce42e) Importer(815301076,1909f56bfc062723c751e8b465ee728b)  -> (artifact id: '752277d7621f94c3ae79315d968c73e0') in 0.062703 seconds
Number of updated asset objects reloaded before import = 0
Number of asset objects unloaded after import = 3
========================================================================
Received Import Request.
  Time since last request: 0.000116 seconds.
  path: Assets/Simple Scroll-Snap/Examples/Example 1 (macOS Finder)/Sprites/Songs/Like a Prayer by Madonna.png
  artifactKey: Guid(03f16e99d550df84f992ad862017640f) Importer(815301076,1909f56bfc062723c751e8b465ee728b)
Start importing Assets/Simple Scroll-Snap/Examples/Example 1 (macOS Finder)/Sprites/Songs/Like a Prayer by Madonna.png using Guid(03f16e99d550df84f992ad862017640f) Importer(815301076,1909f56bfc062723c751e8b465ee728b)  -> (artifact id: '880df2695051911185bcec3056fcb7d7') in 0.071483 seconds
Number of updated asset objects reloaded before import = 0
Number of asset objects unloaded after import = 3
========================================================================
Received Import Request.
  Time since last request: 0.000030 seconds.
  path: Assets/Update/Isometric Tower Defense Pack/Sprites/Enviroument tiles/Desert biome/stones/stone_sand(4).png
  artifactKey: Guid(9d1b45fa9d6b5874190dd6ec464a63bd) Importer(815301076,1909f56bfc062723c751e8b465ee728b)
Start importing Assets/Update/Isometric Tower Defense Pack/Sprites/Enviroument tiles/Desert biome/stones/stone_sand(4).png using Guid(9d1b45fa9d6b5874190dd6ec464a63bd) Importer(815301076,1909f56bfc062723c751e8b465ee728b)  -> (artifact id: '216d1c485bbecc439738b97d78b26f17') in 0.073300 seconds
Number of updated asset objects reloaded before import = 0
Number of asset objects unloaded after import = 3
========================================================================
Received Import Request.
  Time since last request: 0.000048 seconds.
  path: Assets/Update/Isometric Tower Defense Pack/Sprites/Enviroument tiles/Desert biome/stones/stone_sand(1).png
  artifactKey: Guid(af695afdb53f7844185f6cab953a64c8) Importer(815301076,1909f56bfc062723c751e8b465ee728b)
Start importing Assets/Update/Isometric Tower Defense Pack/Sprites/Enviroument tiles/Desert biome/stones/stone_sand(1).png using Guid(af695afdb53f7844185f6cab953a64c8) Importer(815301076,1909f56bfc062723c751e8b465ee728b)  -> (artifact id: '692ab20d195509f076f8a0ebc9b07444') in 0.059544 seconds
Number of updated asset objects reloaded before import = 0
Number of asset objects unloaded after import = 3
========================================================================
Received Prepare
Begin MonoManager ReloadAssembly
Symbol file LoadedFromMemory is not a mono symbol file
- Loaded All Assemblies, in  1.802 seconds
Refreshing native plugins compatible for Editor in 26.35 ms, found 2 plugins.
Native extension for WindowsStandalone target not found
Mono: successfully reloaded assembly
- Finished resetting the current domain, in  2.589 seconds
Domain Reload Profiling: 4370ms
	BeginReloadAssembly (324ms)
		ExecutionOrderSort (0ms)
		DisableScriptedObjects (10ms)
		BackupInstance (0ms)
		ReleaseScriptingObjects (0ms)
		CreateAndSetChildDomain (61ms)
	RebuildCommonClasses (56ms)
	RebuildNativeTypeToScriptingClass (19ms)
	initialDomainReloadingComplete (91ms)
	LoadAllAssembliesAndSetupDomain (1290ms)
		LoadAssemblies (926ms)
		RebuildTransferFunctionScriptingTraits (0ms)
		AnalyzeDomain (503ms)
			TypeCache.Refresh (484ms)
				TypeCache.ScanAssembly (461ms)
			ScanForSourceGeneratedMonoScriptInfo (0ms)
			ResolveRequiredComponents (19ms)
	FinalizeReload (2590ms)
		ReleaseScriptCaches (0ms)
		RebuildScriptCaches (0ms)
		SetupLoadedEditorAssemblies (1056ms)
			LogAssemblyErrors (0ms)
			InitializePlatformSupportModulesInManaged (28ms)
			SetLoadedEditorAssemblies (12ms)
			RefreshPlugins (0ms)
			BeforeProcessingInitializeOnLoad (309ms)
			ProcessInitializeOnLoadAttributes (564ms)
			ProcessInitializeOnLoadMethodAttributes (94ms)
			AfterProcessingInitializeOnLoad (48ms)
			EditorAssembliesLoaded (1ms)
		ExecutionOrderSort2 (0ms)
		AwakeInstancesAfterBackupRestoration (26ms)
Refreshing native plugins compatible for Editor in 29.32 ms, found 2 plugins.
Preloading 0 native plugins for Editor in 0.00 ms.
Unloading 3138 Unused Serialized files (Serialized files now loaded: 0)
Unloading 30 unused Assets / (105.6 KB). Loaded Objects now: 3895.
Memory consumption went from 123.7 MB to 123.6 MB.
Total: 6.055000 ms (FindLiveObjects: 0.452100 ms CreateObjectMapping: 0.208200 ms MarkObjects: 5.213000 ms  DeleteObjects: 0.179400 ms)

Prepare: number of updated asset objects reloaded= 0
AssetImportParameters requested are different than current active one (requested -> active):
  custom:video-decoder-webm-vp8: 9c59270c3fd7afecdb556c50c9e8de78 -> 
  custom:container-demuxer-ogg: 62fdf1f143b41e24485cea50d1cbac27 -> 
  custom:AudioImporter_EditorPlatform: d09bf68614088b80899f8185d706f6e7 -> 
  custom:video-codec-MediaFoundation-h265: 746d11721c4dcdbdad8f713fa42b33f4 -> 
  custom:video-decoder-ogg-theora: a1e56fd34408186e4bbccfd4996cb3dc -> 
  custom:framework-win-MediaFoundation: 216162199b28c13a410421893ffa2e32 -> 
  custom:video-encoder-webm-vp8: eb34c28f22e8b96e1ab97ce403110664 -> 
  custom:audio-decoder-ogg-vorbis: bf7c407c2cedff20999df2af8eb42d56 -> 
  custom:CustomObjectIndexerAttribute: 756ad292c208cfabdd7b50bc23989ffe -> 
  custom:container-demuxer-webm: 4f35f7cbe854078d1ac9338744f61a02 -> 
  custom:audio-encoder-webm-vorbis: bf7c407c2cedff20999df2af8eb42d56 -> 
  custom:container-muxer-webm: aa71ff27fc2769a1b78a27578f13a17b -> 
Editor requested this worker to shutdown with reason: Scaling down because of idle timeout
TcpMessagingSession - receive error: operation aborted. errorcode: 995, details: XbhIAvP[VvAI/O ~B
AssetImportWorker is now disconnected from the server
Process exiting
Exiting without the bug reporter. Application will terminate with return code 0